This is pdfTeX, Version 3.141592653-2.6-1.40.29 (TeX Live 2026) (preloaded format=pdflatex 2026.3.6)  10 MAR 2026 00:37
entering extended mode
 restricted \write18 enabled.
 %&-line parsing enabled.
**dtw_loss_functions.tex
(./dtw_loss_functions.tex
LaTeX2e <2025-11-01>
L3 programming layer <2026-01-19>
(./sphinxmanual.cls
Document Class: sphinxmanual 2019/12/01 v2.3.0 Document class (Sphinx manual)
(/usr/local/texlive/2026/texmf-dist/tex/latex/base/report.cls
Document Class: report 2025/01/22 v1.4n Standard LaTeX document class
(/usr/local/texlive/2026/texmf-dist/tex/latex/base/size10.clo
File: size10.clo 2025/01/22 v1.4n Standard LaTeX file (size option)
)
\c@part=\count275
\c@chapter=\count276
\c@section=\count277
\c@subsection=\count278
\c@subsubsection=\count279
\c@paragraph=\count280
\c@subparagraph=\count281
\c@figure=\count282
\c@table=\count283
\abovecaptionskip=\skip49
\belowcaptionskip=\skip50
\bibindent=\dimen148
)
LaTeX Info: Redefining \and on input line 35.
)
\sphinxremdimen=\dimen149

(/usr/local/texlive/2026/texmf-dist/tex/latex/base/inputenc.sty
Package: inputenc 2024/02/08 v1.3d Input encoding file
\inpenc@prehook=\toks17
\inpenc@posthook=\toks18
)
   defining Unicode char U+00A0 (decimal 160)
   defining Unicode char U+2500 (decimal 9472)
   defining Unicode char U+2502 (decimal 9474)
   defining Unicode char U+2514 (decimal 9492)
   defining Unicode char U+251C (decimal 9500)
   defining Unicode char U+2572 (decimal 9586)

(/usr/local/texlive/2026/texmf-dist/tex/latex/cmap/cmap.sty
Package: cmap 2021/02/06 v1.0j CMap support: searchable PDF
)
(/usr/local/texlive/2026/texmf-dist/tex/latex/base/fontenc.sty
Package: fontenc 2025/07/18 v2.1d Standard LaTeX package
<<t1.cmap>>)
(/usr/local/texlive/2026/texmf-dist/tex/latex/amsmath/amsmath.sty
Package: amsmath 2025/07/09 v2.17z AMS math features
\@mathmargin=\skip51

For additional information on amsmath, use the `?' option.
(/usr/local/texlive/2026/texmf-dist/tex/latex/amsmath/amstext.sty
Package: amstext 2024/11/17 v2.01 AMS text

(/usr/local/texlive/2026/texmf-dist/tex/latex/amsmath/amsgen.sty
File: amsgen.sty 1999/11/30 v2.0 generic functions
\@emptytoks=\toks19
\ex@=\dimen150
))
(/usr/local/texlive/2026/texmf-dist/tex/latex/amsmath/amsbsy.sty
Package: amsbsy 1999/11/29 v1.2d Bold Symbols
\pmbraise@=\dimen151
)
(/usr/local/texlive/2026/texmf-dist/tex/latex/amsmath/amsopn.sty
Package: amsopn 2022/04/08 v2.04 operator names
)
\inf@bad=\count284
LaTeX Info: Redefining \frac on input line 233.
\uproot@=\count285
\leftroot@=\count286
LaTeX Info: Redefining \overline on input line 398.
LaTeX Info: Redefining \colon on input line 409.
\classnum@=\count287
\DOTSCASE@=\count288
LaTeX Info: Redefining \ldots on input line 495.
LaTeX Info: Redefining \dots on input line 498.
LaTeX Info: Redefining \cdots on input line 619.
\Mathstrutbox@=\box53
\strutbox@=\box54
LaTeX Info: Redefining \big on input line 721.
LaTeX Info: Redefining \Big on input line 722.
LaTeX Info: Redefining \bigg on input line 723.
LaTeX Info: Redefining \Bigg on input line 724.
\big@size=\dimen152
LaTeX Font Info:    Redeclaring font encoding OML on input line 742.
LaTeX Font Info:    Redeclaring font encoding OMS on input line 743.
\macc@depth=\count289
LaTeX Info: Redefining \bmod on input line 904.
LaTeX Info: Redefining \pmod on input line 909.
LaTeX Info: Redefining \smash on input line 939.
LaTeX Info: Redefining \relbar on input line 969.
LaTeX Info: Redefining \Relbar on input line 970.
\c@MaxMatrixCols=\count290
\dotsspace@=\muskip17
\c@parentequation=\count291
\dspbrk@lvl=\count292
\tag@help=\toks20
\row@=\count293
\column@=\count294
\maxfields@=\count295
\andhelp@=\toks21
\eqnshift@=\dimen153
\alignsep@=\dimen154
\tagshift@=\dimen155
\tagwidth@=\dimen156
\totwidth@=\dimen157
\lineht@=\dimen158
\@envbody=\toks22
\multlinegap=\skip52
\multlinetaggap=\skip53
\mathdisplay@stack=\toks23
LaTeX Info: Redefining \[ on input line 2950.
LaTeX Info: Redefining \] on input line 2951.
)
(/usr/local/texlive/2026/texmf-dist/tex/latex/amsfonts/amssymb.sty
Package: amssymb 2013/01/14 v3.01 AMS font symbols

(/usr/local/texlive/2026/texmf-dist/tex/latex/amsfonts/amsfonts.sty
Package: amsfonts 2013/01/14 v3.01 Basic AMSFonts support
\symAMSa=\mathgroup4
\symAMSb=\mathgroup5
LaTeX Font Info:    Redeclaring math symbol \hbar on input line 98.
LaTeX Font Info:    Overwriting math alphabet `\mathfrak' in version `bold'
(Font)                  U/euf/m/n --> U/euf/b/n on input line 106.
))
(/usr/local/texlive/2026/texmf-dist/tex/generic/babel/babel.sty
Package: babel 2026/02/14 v26.3 The multilingual framework for LuaLaTeX, pdfLaT
eX and XeLaTeX
\babel@savecnt=\count296
LaTeX Encoding Info:    Redeclaring text command \ij (encoding OT1) on input li
ne 2078.
LaTeX Encoding Info:    Redeclaring text command \IJ (encoding OT1) on input li
ne 2080.
LaTeX Encoding Info:    Redeclaring text command \ij (encoding T1) on input lin
e 2082.
LaTeX Encoding Info:    Redeclaring text command \IJ (encoding T1) on input lin
e 2083.
LaTeX Encoding Info:    Ignoring declaration for text command \ij (encoding ?) 
on input line 2084.
LaTeX Encoding Info:    Ignoring declaration for text command \IJ (encoding ?) 
on input line 2086.
LaTeX Encoding Info:    Ignoring declaration for text command \SS (encoding ?) 
on input line 2111.
\U@D=\dimen159
\l@unhyphenated=\language91

(/usr/local/texlive/2026/texmf-dist/tex/generic/babel/txtbabel.def)
\bbl@readstream=\read2
\bbl@dirlevel=\count297

(/usr/local/texlive/2026/texmf-dist/tex/generic/babel/locale/en/babel-english.t
ex)
Package babel Info: Importing font and identification data for english
(babel)             from babel-en.ini. Reported on input line 4330.
 (/usr/local/texlive/2026/texmf-dist/tex/generic/babel-english/english.ldf
Language: english 2017/06/06 v3.3r English support from the babel system
Package babel Info: Hyphen rules for 'canadian' set to \l@english
(babel)             (\language0). Reported on input line 102.
Package babel Info: Hyphen rules for 'australian' set to \l@ukenglish
(babel)             (\language22). Reported on input line 105.
Package babel Info: Hyphen rules for 'newzealand' set to \l@ukenglish
(babel)             (\language22). Reported on input line 108.
)) (/usr/local/texlive/2026/texmf-dist/tex/latex/tex-gyre/tgtermes.sty
Package: tgtermes 2009/09/27 v1.2 TeX Gyre Termes as default roman family

(/usr/local/texlive/2026/texmf-dist/tex/latex/kvoptions/kvoptions.sty
Package: kvoptions 2022-06-15 v3.15 Key value format for package options (HO)

(/usr/local/texlive/2026/texmf-dist/tex/latex/graphics/keyval.sty
Package: keyval 2022/05/29 v1.15 key=value parser (DPC)
\KV@toks@=\toks24
)
(/usr/local/texlive/2026/texmf-dist/tex/generic/ltxcmds/ltxcmds.sty
Package: ltxcmds 2023-12-04 v1.26 LaTeX kernel commands for general use (HO)
)
(/usr/local/texlive/2026/texmf-dist/tex/latex/kvsetkeys/kvsetkeys.sty
Package: kvsetkeys 2022-10-05 v1.19 Key value parser (HO)
)))
(/usr/local/texlive/2026/texmf-dist/tex/latex/tex-gyre/tgheros.sty
Package: tgheros 2009/09/27 v1.2 TeX Gyre Heros as default sans serif family
)
(/usr/local/texlive/2026/texmf-dist/tex/latex/fncychap/fncychap.sty
Package: fncychap 2007/07/30 v1.34 LaTeX package (Revised chapters)
\RW=\skip54
\mylen=\skip55
\myhi=\skip56
\px=\skip57
\py=\skip58
\pyy=\skip59
\pxx=\skip60
\c@AlphaCnt=\count298
\c@AlphaDecCnt=\count299
)
(./sphinx.sty
Package: sphinx 2025/12/26 v9.1.0 Sphinx LaTeX package (sphinx-doc)
 (/usr/local/texlive/2026/texmf-dist/tex/latex/xcolor/xcolor.sty
Package: xcolor 2024/09/29 v3.02 LaTeX color extensions (UK)

(/usr/local/texlive/2026/texmf-dist/tex/latex/graphics-cfg/color.cfg
File: color.cfg 2016/01/02 v1.6 sample color configuration
)
Package xcolor Info: Driver file: pdftex.def on input line 274.

(/usr/local/texlive/2026/texmf-dist/tex/latex/graphics-def/pdftex.def
File: pdftex.def 2025/09/29 v1.2d Graphics/color driver for pdftex
)
(/usr/local/texlive/2026/texmf-dist/tex/latex/graphics/mathcolor.ltx)
Package xcolor Info: Model `cmy' substituted by `cmy0' on input line 1349.
Package xcolor Info: Model `hsb' substituted by `rgb' on input line 1353.
Package xcolor Info: Model `RGB' extended on input line 1365.
Package xcolor Info: Model `HTML' substituted by `rgb' on input line 1367.
Package xcolor Info: Model `Hsb' substituted by `hsb' on input line 1368.
Package xcolor Info: Model `tHsb' substituted by `hsb' on input line 1369.
Package xcolor Info: Model `HSB' substituted by `hsb' on input line 1370.
Package xcolor Info: Model `Gray' substituted by `gray' on input line 1371.
Package xcolor Info: Model `wave' substituted by `hsb' on input line 1372.
)
(./sphinxoptionshyperref.sty
Package: sphinxoptionshyperref 2021/01/27 hyperref
) (./sphinxoptionsgeometry.sty
Package: sphinxoptionsgeometry 2021/01/27 geometry
)
(/usr/local/texlive/2026/texmf-dist/tex/latex/base/textcomp.sty
Package: textcomp 2024/04/24 v2.1b Standard LaTeX package
)
(/usr/local/texlive/2026/texmf-dist/tex/latex/float/float.sty
Package: float 2001/11/08 v1.3d Float enhancements (AL)
\c@float@type=\count300
\float@exts=\toks25
\float@box=\box55
\@float@everytoks=\toks26
\@floatcapt=\box56
)
(/usr/local/texlive/2026/texmf-dist/tex/latex/wrapfig/wrapfig.sty
\wrapoverhang=\dimen160
\WF@size=\dimen161
\c@WF@wrappedlines=\count301
\WF@box=\box57
\WF@everypar=\toks27
Package: wrapfig 2003/01/31  v 3.6
)
(/usr/local/texlive/2026/texmf-dist/tex/latex/capt-of/capt-of.sty
Package: capt-of 2009/12/29 v0.2 standard captions outside of floats
)
(/usr/local/texlive/2026/texmf-dist/tex/latex/tools/multicol.sty
Package: multicol 2025/10/21 v2.0b multicolumn formatting (FMi)
\c@tracingmulticols=\count302
\mult@box=\box58
\multicol@leftmargin=\dimen162
\c@unbalance=\count303
\c@collectmore=\count304
\doublecol@number=\count305
\multicoltolerance=\count306
\multicolpretolerance=\count307
\full@width=\dimen163
\page@free=\dimen164
\premulticols=\dimen165
\postmulticols=\dimen166
\multicolsep=\skip61
\multicolbaselineskip=\skip62
\partial@page=\box59
\last@line=\box60
\mc@boxedresult=\box61
\maxbalancingoverflow=\dimen167
\mult@rightbox=\box62
\mult@grightbox=\box63
\mult@firstbox=\box64
\mult@gfirstbox=\box65
\@tempa=\box66
\@tempa=\box67
\@tempa=\box68
\@tempa=\box69
\@tempa=\box70
\@tempa=\box71
\@tempa=\box72
\@tempa=\box73
\@tempa=\box74
\@tempa=\box75
\@tempa=\box76
\@tempa=\box77
\@tempa=\box78
\@tempa=\box79
\@tempa=\box80
\@tempa=\box81
\@tempa=\box82
\@tempa=\box83
\@tempa=\box84
\@tempa=\box85
\@tempa=\box86
\@tempa=\box87
\@tempa=\box88
\@tempa=\box89
\@tempa=\box90
\@tempa=\box91
\@tempa=\box92
\@tempa=\box93
\@tempa=\box94
\@tempa=\box95
\@tempa=\box96
\@tempa=\box97
\@tempa=\box98
\@tempa=\box99
\@tempa=\box100
\@tempa=\box101
\c@minrows=\count308
\c@columnbadness=\count309
\c@finalcolumnbadness=\count310
\last@try=\dimen168
\multicolovershoot=\dimen169
\multicolundershoot=\dimen170
\mult@nat@firstbox=\box102
\colbreak@box=\box103
\mc@col@check@num=\count311
\g__mc_curr_col_int=\count312
)
(/usr/local/texlive/2026/texmf-dist/tex/latex/graphics/graphicx.sty
Package: graphicx 2024/12/31 v1.2e Enhanced LaTeX Graphics (DPC,SPQR)

(/usr/local/texlive/2026/texmf-dist/tex/latex/graphics/graphics.sty
Package: graphics 2024/08/06 v1.4g Standard LaTeX Graphics (DPC,SPQR)

(/usr/local/texlive/2026/texmf-dist/tex/latex/graphics/trig.sty
Package: trig 2023/12/02 v1.11 sin cos tan (DPC)
)
(/usr/local/texlive/2026/texmf-dist/tex/latex/graphics-cfg/graphics.cfg
File: graphics.cfg 2016/06/04 v1.11 sample graphics configuration
)
Package graphics Info: Driver file: pdftex.def on input line 106.
)
\Gin@req@height=\dimen171
\Gin@req@width=\dimen172
)
(./sphinxlatexgraphics.sty
Package: sphinxlatexgraphics 2024/08/13 v8.1.0 graphics
\spx@image@maxheight=\dimen173
\spx@image@box=\box104
) (./sphinxpackageboxes.sty
Package: sphinxpackageboxes 2024/07/01 v7.4.0 advanced colored boxes

(/usr/local/texlive/2026/texmf-dist/tex/latex/pict2e/pict2e.sty
Package: pict2e 2020/09/30 v0.4b Improved picture commands (HjG,RN,JT)

(/usr/local/texlive/2026/texmf-dist/tex/latex/pict2e/pict2e.cfg
File: pict2e.cfg 2016/02/05 v0.1u pict2e configuration for teTeX/TeXLive
)
Package pict2e Info: Driver file: pdftex.def on input line 112.
Package pict2e Info: Driver file for pict2e: p2e-pdftex.def on input line 114.

(/usr/local/texlive/2026/texmf-dist/tex/latex/pict2e/p2e-pdftex.def
File: p2e-pdftex.def 2016/02/05 v0.1u Driver-dependant file (RN,HjG,JT)
)
\pIIe@GRAPH=\toks28
\@arclen=\dimen174
\@arcrad=\dimen175
\pIIe@tempdima=\dimen176
\pIIe@tempdimb=\dimen177
\pIIe@tempdimc=\dimen178
\pIIe@tempdimd=\dimen179
\pIIe@tempdime=\dimen180
\pIIe@tempdimf=\dimen181
)
(/usr/local/texlive/2026/texmf-dist/tex/latex/ellipse/ellipse.sty
Package: ellipse 2004/11/05 v1.0 .dtx ellipse file
)
\@tempdimd=\dimen182
\spx@tempboxa=\box105
\spx@tempboxb=\box106
\spx@boxes@border@top=\dimen183
\spx@boxes@border@right=\dimen184
\spx@boxes@border@bottom=\dimen185
\spx@boxes@border@left=\dimen186
\spx@boxes@padding@top=\dimen187
\spx@boxes@padding@right=\dimen188
\spx@boxes@padding@bottom=\dimen189
\spx@boxes@padding@left=\dimen190
\spx@boxes@shadow@xoffset=\dimen191
\spx@boxes@shadow@yoffset=\dimen192
\spx@boxes@radius@topleft@x=\dimen193
\spx@boxes@radius@topright@x=\dimen194
\spx@boxes@radius@bottomright@x=\dimen195
\spx@boxes@radius@bottomleft@x=\dimen196
\spx@boxes@radius@topleft@y=\dimen197
\spx@boxes@radius@topright@y=\dimen198
\spx@boxes@radius@bottomright@y=\dimen199
\spx@boxes@radius@bottomleft@y=\dimen256
)
(./sphinxlatexadmonitions.sty
Package: sphinxlatexadmonitions 2025/10/24 v9.0.0 admonitions

(/usr/local/texlive/2026/texmf-dist/tex/latex/framed/framed.sty
Package: framed 2011/10/22 v 0.96: framed or shaded text with page breaks
\OuterFrameSep=\skip63
\fb@frw=\dimen257
\fb@frh=\dimen258
\FrameRule=\dimen259
\FrameSep=\dimen260
)
(/usr/local/texlive/2026/texmf-dist/tex/latex/needspace/needspace.sty
Package: needspace 2025/03/13 v1.3e reserve vertical space
)
(./sphinxpackagefootnote.sty
Package: sphinxpackagefootnote 2025/11/15 v9.0.0 Sphinx custom footnotehyper pa
ckage (Sphinx team)
\FNH@notes=\box107
\FNH@toks=\toks29
\FNH@width=\dimen261
\c@sphinxfootnotemark=\count313
)
\spx@notice@border=\dimen262
\c@sphinxtodo=\count314
) (./sphinxlatexliterals.sty
Package: sphinxlatexliterals 2025/12/26 v9.1.0 code-blocks and parsed literals

(/usr/local/texlive/2026/texmf-dist/tex/latex/fancyvrb/fancyvrb.sty
Package: fancyvrb 2025/07/28 4.6 verbatim text (tvz,hv)
\FV@CodeLineNo=\count315
\FV@InFile=\read3
\FV@TabBox=\box108
\c@FancyVerbLine=\count316
\FV@StepNumber=\count317
\FV@OutFile=\write3
)
(/usr/local/texlive/2026/texmf-dist/tex/latex/base/alltt.sty
Package: alltt 2024/07/07 v2.0g defines alltt environment
)
(/usr/local/texlive/2026/texmf-dist/tex/latex/upquote/upquote.sty
Package: upquote 2012/04/19 v1.3 upright-quote and grave-accent glyphs in verba
tim
)
\sphinxcontinuationbox=\box109
\sphinxvisiblespacebox=\box110
\sphinxVerbatim@TitleBox=\box111
\sphinxVerbatim@ContentsBox=\box112
)
(./sphinxlatexshadowbox.sty
Package: sphinxlatexshadowbox 2024/07/28 v8.1.0 sphinxShadowBox
) (./sphinxlatexcontainers.sty
Package: sphinxlatexcontainers 2021/05/03 containers
)
(./sphinxhighlight.sty
Package: sphinxhighlight 2022/06/30 stylesheet for highlighting with pygments
) (./sphinxlatextables.sty
Package: sphinxlatextables 2025/12/30 v9.1.0 tables

(/usr/local/texlive/2026/texmf-dist/tex/latex/tabulary/tabulary.sty
Package: tabulary 2024/06/04 v0.11 tabulary package (DPC)

(/usr/local/texlive/2026/texmf-dist/tex/latex/tools/array.sty
Package: array 2025/09/25 v2.6n Tabular extension package (FMi)
\col@sep=\dimen263
\ar@mcellbox=\box113
\extrarowheight=\dimen264
\NC@list=\toks30
\extratabsurround=\skip64
\backup@length=\skip65
\ar@cellbox=\box114
)
\TY@count=\count318
\TY@linewidth=\dimen265
\tymin=\dimen266
\tymax=\dimen267
\TY@tablewidth=\dimen268
)
(/usr/local/texlive/2026/texmf-dist/tex/latex/tools/longtable.sty
Package: longtable 2025-10-13 v4.24 Multi-page Table package (DPC)
\LTleft=\skip66
\LTright=\skip67
\LTpre=\skip68
\LTpost=\skip69
\LTchunksize=\count319
\LTcapwidth=\dimen269
\LT@head=\box115
\LT@firsthead=\box116
\LT@foot=\box117
\LT@lastfoot=\box118
\LT@gbox=\box119
\LT@cols=\count320
\LT@rows=\count321
\c@LT@tables=\count322
\c@LT@chunks=\count323
\LT@p@ftn=\toks31
)
(/usr/local/texlive/2026/texmf-dist/tex/latex/varwidth/varwidth.sty
Package: varwidth 2009/03/30 ver 0.92;  Variable-width minipages
\@vwid@box=\box120
\sift@deathcycles=\count324
\@vwid@loff=\dimen270
\@vwid@roff=\dimen271
)
==> First Aid for varwidth.sty applied!
\sphinx@TY@tablewidth=\dimen272
(/usr/local/texlive/2026/texmf-dist/tex/latex/colortbl/colortbl.sty
Package: colortbl 2024/10/29 v1.0k Color table columns (DPC)
\everycr=\toks32
\minrowclearance=\skip70
\rownum=\count325
)
(/usr/local/texlive/2026/texmf-dist/tex/latex/booktabs/booktabs.sty
Package: booktabs 2020/01/12 v1.61803398 Publication quality tables
\heavyrulewidth=\dimen273
\lightrulewidth=\dimen274
\cmidrulewidth=\dimen275
\belowrulesep=\dimen276
\belowbottomsep=\dimen277
\aboverulesep=\dimen278
\abovetopsep=\dimen279
\cmidrulesep=\dimen280
\cmidrulekern=\dimen281
\defaultaddspace=\dimen282
\@cmidla=\count326
\@cmidlb=\count327
\@aboverulesep=\dimen283
\@belowrulesep=\dimen284
\@thisruleclass=\count328
\@lastruleclass=\count329
\@thisrulewidth=\dimen285
))
(./sphinxlatexnumfig.sty
Package: sphinxlatexnumfig 2024/07/31 v8.1.0 numbering
) (./sphinxlatexlists.sty
Package: sphinxlatexlists 2021/12/20 lists
\spx@lineitemlabel=\toks33
)
\c@sphinxscope=\count330
 (./sphinxlatexindbibtoc.sty
Package: sphinxlatexindbibtoc 2021/01/27 index, bib., toc

(/usr/local/texlive/2026/texmf-dist/tex/latex/base/makeidx.sty
Package: makeidx 2021/10/04 v1.0m Standard LaTeX package
))
(./sphinxlatexstylepage.sty
Package: sphinxlatexstylepage 2021/01/27 page styling

(/usr/local/texlive/2026/texmf-dist/tex/latex/parskip/parskip.sty
Package: parskip 2021-03-14 v2.0h non-zero parskip adjustments

(/usr/local/texlive/2026/texmf-dist/tex/latex/etoolbox/etoolbox.sty
Package: etoolbox 2025/10/02 v2.5m e-TeX tools for LaTeX (JAW)
\etb@tempcnta=\count331
))
(/usr/local/texlive/2026/texmf-dist/tex/latex/fancyhdr/fancyhdr.sty
Package: fancyhdr 2025/02/07 v5.2 Extensive control of page headers and footers

\f@nch@headwidth=\skip71
\f@nch@offset@elh=\skip72
\f@nch@offset@erh=\skip73
\f@nch@offset@olh=\skip74
\f@nch@offset@orh=\skip75
\f@nch@offset@elf=\skip76
\f@nch@offset@erf=\skip77
\f@nch@offset@olf=\skip78
\f@nch@offset@orf=\skip79
\f@nch@height=\skip80
\f@nch@footalignment=\skip81
\f@nch@widthL=\skip82
\f@nch@widthC=\skip83
\f@nch@widthR=\skip84
\@temptokenb=\toks34
))
(./sphinxlatexstyleheadings.sty
Package: sphinxlatexstyleheadings 2023/02/11 headings

(/usr/local/texlive/2026/texmf-dist/tex/latex/titlesec/titlesec.sty
Package: titlesec 2025/01/04 v2.17 Sectioning titles
\ttl@box=\box121
\beforetitleunit=\skip85
\aftertitleunit=\skip86
\ttl@plus=\dimen286
\ttl@minus=\dimen287
\ttl@toksa=\toks35
\titlewidth=\dimen288
\titlewidthlast=\dimen289
\titlewidthfirst=\dimen290
))
(./sphinxlatexstyletext.sty
Package: sphinxlatexstyletext 2025/05/24 v9.0.0 text styling
) (./sphinxlatexobjects.sty
Package: sphinxlatexobjects 2025/06/06 documentation environments
\sphinxsignaturesep=\skip87
\sphinxsignaturelistskip=\skip88
\py@argswidth=\skip89
\lineblockindentation=\skip90
\DUlineblockindent=\skip91
)
\sphinxvwdimen=\dimen291
\sphinxvhdimen=\dimen292
\sphinxvmindimen=\dimen293
\sphinxvmaxdimen=\dimen294
\sphinxQdimen=\dimen295
)
(/usr/local/texlive/2026/texmf-dist/tex/latex/geometry/geometry.sty
Package: geometry 2020/01/02 v5.9 Page Geometry

(/usr/local/texlive/2026/texmf-dist/tex/generic/iftex/ifvtex.sty
Package: ifvtex 2019/10/25 v1.7 ifvtex legacy package. Use iftex instead.

(/usr/local/texlive/2026/texmf-dist/tex/generic/iftex/iftex.sty
Package: iftex 2024/12/12 v1.0g TeX engine tests
))
\Gm@cnth=\count332
\Gm@cntv=\count333
\c@Gm@tempcnt=\count334
\Gm@bindingoffset=\dimen296
\Gm@wd@mp=\dimen297
\Gm@odd@mp=\dimen298
\Gm@even@mp=\dimen299
\Gm@layoutwidth=\dimen300
\Gm@layoutheight=\dimen301
\Gm@layouthoffset=\dimen302
\Gm@layoutvoffset=\dimen303
\Gm@dimlist=\toks36
)
(/usr/local/texlive/2026/texmf-dist/tex/latex/hyperref/hyperref.sty
Package: hyperref 2026-01-29 v7.01p Hypertext links for LaTeX

(/usr/local/texlive/2026/texmf-dist/tex/generic/kvdefinekeys/kvdefinekeys.sty
Package: kvdefinekeys 2019-12-19 v1.6 Define keys (HO)
)
(/usr/local/texlive/2026/texmf-dist/tex/generic/pdfescape/pdfescape.sty
Package: pdfescape 2019/12/09 v1.15 Implements pdfTeX's escape features (HO)

(/usr/local/texlive/2026/texmf-dist/tex/generic/pdftexcmds/pdftexcmds.sty
Package: pdftexcmds 2020-06-27 v0.33 Utility functions of pdfTeX for LuaTeX (HO
)

(/usr/local/texlive/2026/texmf-dist/tex/generic/infwarerr/infwarerr.sty
Package: infwarerr 2019/12/03 v1.5 Providing info/warning/error messages (HO)
)
Package pdftexcmds Info: \pdf@primitive is available.
Package pdftexcmds Info: \pdf@ifprimitive is available.
Package pdftexcmds Info: \pdfdraftmode found.
))
(/usr/local/texlive/2026/texmf-dist/tex/latex/hycolor/hycolor.sty
Package: hycolor 2020-01-27 v1.10 Color options for hyperref/bookmark (HO)
)
(/usr/local/texlive/2026/texmf-dist/tex/latex/hyperref/nameref.sty
Package: nameref 2026-01-29 v2.58 Cross-referencing by name of section

(/usr/local/texlive/2026/texmf-dist/tex/latex/refcount/refcount.sty
Package: refcount 2019/12/15 v3.6 Data extraction from label references (HO)
)
(/usr/local/texlive/2026/texmf-dist/tex/generic/gettitlestring/gettitlestring.s
ty
Package: gettitlestring 2019/12/15 v1.6 Cleanup title references (HO)
)
\c@section@level=\count335
) (/usr/local/texlive/2026/texmf-dist/tex/generic/stringenc/stringenc.sty
Package: stringenc 2019/11/29 v1.12 Convert strings between diff. encodings (HO
)
)
\@linkdim=\dimen304
\Hy@linkcounter=\count336
\Hy@pagecounter=\count337

(/usr/local/texlive/2026/texmf-dist/tex/latex/hyperref/pd1enc.def
File: pd1enc.def 2026-01-29 v7.01p Hyperref: PDFDocEncoding definition (HO)
Now handling font encoding PD1 ...
... no UTF-8 mapping file for font encoding PD1
)
(/usr/local/texlive/2026/texmf-dist/tex/generic/intcalc/intcalc.sty
Package: intcalc 2019/12/15 v1.3 Expandable calculations with integers (HO)
)
\Hy@SavedSpaceFactor=\count338

(/usr/local/texlive/2026/texmf-dist/tex/latex/hyperref/puenc.def
File: puenc.def 2026-01-29 v7.01p Hyperref: PDF Unicode definition (HO)
Now handling font encoding PU ...
... no UTF-8 mapping file for font encoding PU
)
Package hyperref Info: Option `unicode' set `true' on input line 4072.
Package hyperref Info: Option `colorlinks' set `true' on input line 4072.
Package hyperref Info: Option `breaklinks' set `true' on input line 4072.
Package hyperref Info: Hyper figures OFF on input line 4201.
Package hyperref Info: Link nesting OFF on input line 4206.
Package hyperref Info: Hyper index ON on input line 4209.
Package hyperref Info: Plain pages OFF on input line 4216.
Package hyperref Info: Backreferencing OFF on input line 4221.
Package hyperref Info: Implicit mode ON; LaTeX internals redefined.
Package hyperref Info: Bookmarks ON on input line 4468.
\c@Hy@tempcnt=\count339

(/usr/local/texlive/2026/texmf-dist/tex/latex/url/url.sty
\Urlmuskip=\muskip18
Package: url 2013/09/16  ver 3.4  Verb mode for urls, etc.
)
LaTeX Info: Redefining \url on input line 4807.
\XeTeXLinkMargin=\dimen305

(/usr/local/texlive/2026/texmf-dist/tex/generic/bitset/bitset.sty
Package: bitset 2019/12/09 v1.3 Handle bit-vector datatype (HO)

(/usr/local/texlive/2026/texmf-dist/tex/generic/bigintcalc/bigintcalc.sty
Package: bigintcalc 2019/12/15 v1.5 Expandable calculations on big integers (HO
)
))
\Fld@menulength=\count340
\Field@Width=\dimen306
\Fld@charsize=\dimen307
Package hyperref Info: Hyper figures OFF on input line 6084.
Package hyperref Info: Link nesting OFF on input line 6089.
Package hyperref Info: Hyper index ON on input line 6092.
Package hyperref Info: backreferencing OFF on input line 6099.
Package hyperref Info: Link coloring ON on input line 6102.
Package hyperref Info: Link coloring with OCG OFF on input line 6109.
Package hyperref Info: PDF/A mode OFF on input line 6114.
\Hy@abspage=\count341
\c@Item=\count342
\c@Hfootnote=\count343
)
Package hyperref Info: Driver (autodetected): hpdftex.

(/usr/local/texlive/2026/texmf-dist/tex/latex/hyperref/hpdftex.def
File: hpdftex.def 2026-01-29 v7.01p Hyperref driver for pdfTeX
\Fld@listcount=\count344
\c@bookmark@seq@number=\count345

(/usr/local/texlive/2026/texmf-dist/tex/latex/rerunfilecheck/rerunfilecheck.sty
Package: rerunfilecheck 2025-06-21 v1.11 Rerun checks for auxiliary files (HO)

(/usr/local/texlive/2026/texmf-dist/tex/generic/uniquecounter/uniquecounter.sty
Package: uniquecounter 2019/12/15 v1.4 Provide unlimited unique counter (HO)
)
Package uniquecounter Info: New unique counter `rerunfilecheck' on input line 2
84.
)
\Hy@SectionHShift=\skip92
) (/usr/local/texlive/2026/texmf-dist/tex/latex/hypcap/hypcap.sty
Package: hypcap 2024-07-26 v1.13 Adjusting the anchors of captions (HO)

(/usr/local/texlive/2026/texmf-dist/tex/latex/letltxmacro/letltxmacro.sty
Package: letltxmacro 2019/12/03 v1.6 Let assignment for LaTeX macros (HO)
))
(./sphinxmessages.sty
Package: sphinxmessages 2019/01/04 v2.0 Localized LaTeX macros (Sphinx team)
)
\@indexfile=\write4
\openout4 = `dtw_loss_functions.idx'.


Writing index file dtw_loss_functions.idx
LaTeX Font Info:    Trying to load font information for T1+qtm on input line 74
.
(/usr/local/texlive/2026/texmf-dist/tex/latex/tex-gyre/t1qtm.fd
File: t1qtm.fd 2009/09/25 v1.2 font definition file for T1/qtm
)
(/usr/local/texlive/2026/texmf-dist/tex/latex/l3backend/l3backend-pdftex.def
File: l3backend-pdftex.def 2025-10-09 L3 backend support: PDF output (pdfTeX)
\l__color_backend_stack_int=\count346
)
(./dtw_loss_functions.aux)
\openout1 = `dtw_loss_functions.aux'.

LaTeX Font Info:    Checking defaults for OML/cmm/m/it on input line 74.
LaTeX Font Info:    ... okay on input line 74.
LaTeX Font Info:    Checking defaults for OMS/cmsy/m/n on input line 74.
LaTeX Font Info:    ... okay on input line 74.
LaTeX Font Info:    Checking defaults for OT1/cmr/m/n on input line 74.
LaTeX Font Info:    ... okay on input line 74.
LaTeX Font Info:    Checking defaults for T1/cmr/m/n on input line 74.
LaTeX Font Info:    ... okay on input line 74.
LaTeX Font Info:    Checking defaults for TS1/cmr/m/n on input line 74.
LaTeX Font Info:    ... okay on input line 74.
LaTeX Font Info:    Checking defaults for OMX/cmex/m/n on input line 74.
LaTeX Font Info:    ... okay on input line 74.
LaTeX Font Info:    Checking defaults for U/cmr/m/n on input line 74.
LaTeX Font Info:    ... okay on input line 74.
LaTeX Font Info:    Checking defaults for PD1/pdf/m/n on input line 74.
LaTeX Font Info:    ... okay on input line 74.
LaTeX Font Info:    Checking defaults for PU/pdf/m/n on input line 74.
LaTeX Font Info:    ... okay on input line 74.

(/usr/local/texlive/2026/texmf-dist/tex/context/base/mkii/supp-pdf.mkii
[Loading MPS to PDF converter (version 2006.09.02).]
\scratchcounter=\count347
\scratchdimen=\dimen308
\scratchbox=\box122
\nofMPsegments=\count348
\nofMParguments=\count349
\everyMPshowfont=\toks37
\MPscratchCnt=\count350
\MPscratchDim=\dimen309
\MPnumerator=\count351
\makeMPintoPDFobject=\count352
\everyMPtoPDFconversion=\toks38
) (/usr/local/texlive/2026/texmf-dist/tex/latex/epstopdf-pkg/epstopdf-base.sty
Package: epstopdf-base 2020-01-24 v2.11 Base part for package epstopdf
Package epstopdf-base Info: Redefining graphics rule for `.eps' on input line 4
85.

(/usr/local/texlive/2026/texmf-dist/tex/latex/latexconfig/epstopdf-sys.cfg
File: epstopdf-sys.cfg 2010/07/13 v1.3 Configuration of (r)epstopdf for TeX Liv
e
))
(/usr/local/texlive/2026/texmf-dist/tex/latex/fontawesome7/fontawesome7.sty
(/usr/local/texlive/2026/texmf-dist/tex/latex/l3kernel/expl3.sty
Package: expl3 2026-01-19 L3 programming layer (loader) 
)
Package: fontawesome7 2025/11/02 v7.1.0-1 Font Awesome 7

(/usr/local/texlive/2026/texmf-dist/tex/latex/l3packages/l3keys2e/l3keys2e.sty
Package: l3keys2e 2025-10-09 LaTeX2e option processing using LaTeX3 keys
) (/usr/local/texlive/2026/texmf-dist/tex/latex/l3packages/xparse/xparse.sty
Package: xparse 2025-10-09 L3 Experimental document command parser
)
(/usr/local/texlive/2026/texmf-dist/tex/latex/fontawesome7/fontawesome7-generic
-helper.sty
Package: fontawesome7-generic-helper 2025/11/02 v7.1.0-1 non-uTeX helper for fo
ntawesome7

(/usr/local/texlive/2026/texmf-dist/tex/latex/fontawesome7/fontawesome7-mapping
.def)))
\c@literalblock=\count353

*geometry* driver: auto-detecting
*geometry* detected driver: pdftex
*geometry* verbose mode - [ preamble ] result:
* driver: pdftex
* paper: letterpaper
* layout: <same size as paper>
* layoutoffset:(h,v)=(0.0pt,0.0pt)
* modes: twoside 
* h-part:(L,W,R)=(72.26999pt, 469.75502pt, 72.26999pt)
* v-part:(T,H,B)=(72.26999pt, 650.43001pt, 72.26999pt)
* \paperwidth=614.295pt
* \paperheight=794.96999pt
* \textwidth=469.75502pt
* \textheight=650.43001pt
* \oddsidemargin=0.0pt
* \evensidemargin=0.0pt
* \topmargin=-37.0pt
* \headheight=12.0pt
* \headsep=25.0pt
* \topskip=10.0pt
* \footskip=30.0pt
* \marginparwidth=36.135pt
* \marginparsep=11.0pt
* \columnsep=10.0pt
* \skip\footins=9.0pt plus 4.0pt minus 2.0pt
* \hoffset=0.0pt
* \voffset=0.0pt
* \mag=1000
* \@twocolumnfalse
* \@twosidetrue
* \@mparswitchtrue
* \@reversemarginfalse
* (1in=72.27pt=25.4mm, 1cm=28.453pt)

Package hyperref Info: Link coloring ON on input line 74.
(./dtw_loss_functions.out) (./dtw_loss_functions.out)
\@outlinefile=\write5
\openout5 = `dtw_loss_functions.out'.

Package hyperref Info: Option `pageanchor' set `false' on input line 82.
LaTeX Font Info:    Trying to load font information for T1+qhv on input line 82
.

(/usr/local/texlive/2026/texmf-dist/tex/latex/tex-gyre/t1qhv.fd
File: t1qhv.fd 2009/09/25 v1.2 font definition file for T1/qhv
)<<ot1.cmap>><<oml.cmap>><<oms.cmap>><<omx.cmap>>
LaTeX Font Info:    Trying to load font information for U+msa on input line 82.


(/usr/local/texlive/2026/texmf-dist/tex/latex/amsfonts/umsa.fd
File: umsa.fd 2013/01/14 v3.01 AMS symbols A
)
LaTeX Font Info:    Trying to load font information for U+msb on input line 82.


(/usr/local/texlive/2026/texmf-dist/tex/latex/amsfonts/umsb.fd
File: umsb.fd 2013/01/14 v3.01 AMS symbols B
) [1

{/usr/local/texlive/2026/texmf-var/fonts/map/pdftex/updmap/pdftex.map}{/usr/loc
al/texlive/2026/texmf-dist/fonts/enc/dvips/tex-gyre/q-ec.enc}] [2


] (./dtw_loss_functions.toc)
\tf@toc=\write6
\openout6 = `dtw_loss_functions.toc'.

 [1

] [2

]
LaTeX Font Info:    Trying to load font information for T1+txtt on input line 9
4.
 (/usr/local/texlive/2026/texmf-dist/tex/latex/txfonts/t1txtt.fd
File: t1txtt.fd 2000/12/15 v3.1
)
[1] [2

]
Chapter 1.
LaTeX Font Info:    Font shape `T1/txtt/b/n' in size <10> not available
(Font)              Font shape `T1/txtt/bx/n' tried instead on input line 106.
LaTeX Font Info:    Trying to load font information for TS1+txtt on input line 
110.
(/usr/local/texlive/2026/texmf-dist/tex/latex/txfonts/ts1txtt.fd
File: ts1txtt.fd 2000/12/15 v3.1
)
LaTeX Font Info:    Trying to load font information for TS1+qtm on input line 1
33.

(/usr/local/texlive/2026/texmf-dist/tex/latex/tex-gyre/ts1qtm.fd
File: ts1qtm.fd 2009/09/25 v1.2 font definition file for TS1/qtm
) [3{/usr/local/texlive/2026/texmf-dist/fonts/enc/dvips/tex-gyre/q-ts1.enc}]
LaTeX Font Info:    Font shape `T1/txtt/m/it' in size <10> not available
(Font)              Font shape `T1/txtt/m/sl' tried instead on input line 191.
 [4] [5] [6]
Chapter 2.
[7

] [8]
Chapter 3.
[9

] [10]
Chapter 4.
[11

] [12]
Overfull \hbox (2.00862pt too wide) in paragraph at lines 1298--1298
[]\T1/qtm/m/it/10 D_\T1/qtm/m/n/10 , 
 []


Overfull \hbox (18.57864pt too wide) in paragraph at lines 1298--1298
\T1/qtm/m/it/10 gamma\T1/qtm/m/n/10 , 
 []


Overfull \hbox (10.33365pt too wide) in paragraph at lines 1298--1298
\T1/qtm/m/it/10 band- 
 []


Overfull \hbox (14.4386pt too wide) in paragraph at lines 1298--1298
\T1/qtm/m/it/10 width\T1/txtt/m/n/10 )|  
 []


Overfull \hbox (23.01855pt too wide) in paragraph at lines 1310--1310
[]\T1/qtm/m/it/10 D\T1/qtm/m/n/10 , 
 []


Overfull \hbox (21.90855pt too wide) in paragraph at lines 1310--1310
\T1/qtm/m/it/10 R\T1/qtm/m/n/10 , 
 []


Overfull \hbox (62.03857pt too wide) in paragraph at lines 1310--1310
\T1/qtm/m/it/10 inv_gamma\T1/qtm/m/n/10 , 
 []


Overfull \hbox (36.57358pt too wide) in paragraph at lines 1310--1310
\T1/qtm/m/it/10 band- 
 []


Overfull \hbox (37.92854pt too wide) in paragraph at lines 1310--1310
\T1/qtm/m/it/10 width\T1/qtm/m/n/10 , 
 []


Overfull \hbox (40.43857pt too wide) in paragraph at lines 1310--1310
\T1/qtm/m/it/10 max_i\T1/qtm/m/n/10 , 
 []


Overfull \hbox (40.69357pt too wide) in paragraph at lines 1310--1310
\T1/qtm/m/it/10 max_j\T1/qtm/m/n/10 , 
 []


Overfull \hbox (51.90855pt too wide) in paragraph at lines 1310--1310
\T1/qtm/m/it/10 n_passes\T1/qtm/m/n/10 , 
 []


Overfull \hbox (25.11356pt too wide) in paragraph at lines 1310--1310
\T1/qtm/m/it/10 E\T1/txtt/m/n/10 )|  
 []


Overfull \hbox (4.65869pt too wide) in paragraph at lines 1322--1322
\T1/qtm/m/it/10 n_passes\T1/qtm/m/n/10 , 
 []

[13]
Overfull \hbox (17.60368pt too wide) in paragraph at lines 1380--1380
[]\T1/qtm/m/it/10 use_cuda: 
 []


Overfull \hbox (8.87369pt too wide) in paragraph at lines 1380--1380
\T1/qtm/m/it/10 gamma: 
 []


Overfull \hbox (1.96367pt too wide) in paragraph at lines 1380--1380
\T1/qtm/m/it/10 width: 
 []


Overfull \hbox (16.40367pt too wide) in paragraph at lines 1380--1380
\T1/qtm/m/it/10 dist_func: 
 []


Overfull \hbox (8.72368pt too wide) in paragraph at lines 1380--1380
\T1/qtm/m/it/10 callable 
 []


Overfull \hbox (2.61366pt too wide) in paragraph at lines 1380--1380
\T1/qtm/m/it/10 None\T1/txtt/m/n/10 )|  
 []

[14]
LaTeX Font Info:    Trying to load font information for U+fontawesome7free1 on 
input line 1572.

(/usr/local/texlive/2026/texmf-dist/tex/latex/fontawesome7/ufontawesome7free1.f
d)
Overfull \hbox (18.42374pt too wide) in paragraph at lines 1614--1614
\T1/qtm/m/it/10 early_stopping: 
 []

[15{/usr/local/texlive/2026/texmf-dist/fonts/enc/dvips/tex-gyre/q-ec-sc.enc}{/u
sr/local/texlive/2026/texmf-dist/fonts/enc/dvips/fontawesome7/fa7free1_solid.en
c}] [16]
Overfull \hbox (8.8637pt too wide) in paragraph at lines 1698--1698
\T1/qtm/m/it/10 gamma: 
 []


Overfull \hbox (10.08366pt too wide) in paragraph at lines 1698--1698
\T1/qtm/m/it/10 weights: 
 []


Overfull \hbox (14.92368pt too wide) in paragraph at lines 1698--1698
\T1/qtm/m/it/10 max_iter: 
 []


Overfull \hbox (0.93369pt too wide) in paragraph at lines 1698--1698
\T1/qtm/m/it/10 fused: 
 []


Overfull \hbox (39.42368pt too wide) in paragraph at lines 1698--1698
\T1/qtm/m/it/10 early_stopping: 
 []


Overfull \hbox (3.70369pt too wide) in paragraph at lines 1698--1698
\T1/qtm/m/it/10 tience: 
 []


Overfull \hbox (3.41367pt too wide) in paragraph at lines 1698--1698
\T1/qtm/m/n/10 Tensor|  
 []

[17] [18]
Overfull \hbox (117.01834pt too wide) in paragraph at lines 1782--1782
[]\T1/qtm/m/it/10 D_pad\T1/qtm/m/n/10 , 
 []


Overfull \hbox (95.40834pt too wide) in paragraph at lines 1782--1782
\T1/qtm/m/it/10 R\T1/qtm/m/n/10 , 
 []


Overfull \hbox (135.53836pt too wide) in paragraph at lines 1782--1782
\T1/qtm/m/it/10 inv_gamma\T1/qtm/m/n/10 , 
 []


Overfull \hbox (110.07336pt too wide) in paragraph at lines 1782--1782
\T1/qtm/m/it/10 band- 
 []


Overfull \hbox (111.42833pt too wide) in paragraph at lines 1782--1782
\T1/qtm/m/it/10 width\T1/qtm/m/n/10 , 
 []


Overfull \hbox (113.93835pt too wide) in paragraph at lines 1782--1782
\T1/qtm/m/it/10 max_i\T1/qtm/m/n/10 , 
 []


Overfull \hbox (114.19336pt too wide) in paragraph at lines 1782--1782
\T1/qtm/m/it/10 max_j\T1/qtm/m/n/10 , 
 []


Overfull \hbox (125.40834pt too wide) in paragraph at lines 1782--1782
\T1/qtm/m/it/10 n_passes\T1/qtm/m/n/10 , 
 []


Overfull \hbox (98.61334pt too wide) in paragraph at lines 1782--1782
\T1/qtm/m/it/10 E\T1/txtt/m/n/10 )|  
 []


Overfull \hbox (70.26842pt too wide) in paragraph at lines 1794--1794
[]\T1/qtm/m/it/10 D\T1/qtm/m/n/10 , 
 []


Overfull \hbox (69.15842pt too wide) in paragraph at lines 1794--1794
\T1/qtm/m/it/10 R\T1/qtm/m/n/10 , 
 []


Overfull \hbox (109.28844pt too wide) in paragraph at lines 1794--1794
\T1/qtm/m/it/10 inv_gamma\T1/qtm/m/n/10 , 
 []


Overfull \hbox (83.82344pt too wide) in paragraph at lines 1794--1794
\T1/qtm/m/it/10 band- 
 []


Overfull \hbox (85.1784pt too wide) in paragraph at lines 1794--1794
\T1/qtm/m/it/10 width\T1/qtm/m/n/10 , 
 []


Overfull \hbox (87.68843pt too wide) in paragraph at lines 1794--1794
\T1/qtm/m/it/10 max_i\T1/qtm/m/n/10 , 
 []


Overfull \hbox (87.94344pt too wide) in paragraph at lines 1794--1794
\T1/qtm/m/it/10 max_j\T1/qtm/m/n/10 , 
 []


Overfull \hbox (99.15842pt too wide) in paragraph at lines 1794--1794
\T1/qtm/m/it/10 n_passes\T1/qtm/m/n/10 , 
 []


Overfull \hbox (85.14342pt too wide) in paragraph at lines 1794--1794
\T1/qtm/m/it/10 logE\T1/txtt/m/n/10 )|  
 []


Overfull \hbox (101.46336pt too wide) in paragraph at lines 1811--1811
[]\T1/qtm/m/it/10 Dp\T1/qtm/m/n/10 , 
 []


Overfull \hbox (95.40834pt too wide) in paragraph at lines 1811--1811
\T1/qtm/m/it/10 R\T1/qtm/m/n/10 , 
 []


Overfull \hbox (108.64336pt too wide) in paragraph at lines 1811--1811
\T1/qtm/m/it/10 logE\T1/qtm/m/n/10 , 
 []


Overfull \hbox (135.53836pt too wide) in paragraph at lines 1811--1811
\T1/qtm/m/it/10 inv_gamma\T1/qtm/m/n/10 , 
 []


Overfull \hbox (110.07336pt too wide) in paragraph at lines 1811--1811
\T1/qtm/m/it/10 band- 
 []


Overfull \hbox (111.42833pt too wide) in paragraph at lines 1811--1811
\T1/qtm/m/it/10 width\T1/qtm/m/n/10 , 
 []


Overfull \hbox (96.79834pt too wide) in paragraph at lines 1811--1811
\T1/qtm/m/it/10 N\T1/qtm/m/n/10 , 
 []


Overfull \hbox (98.25334pt too wide) in paragraph at lines 1811--1811
\T1/qtm/m/it/10 M\T1/qtm/m/n/10 , 
 []


Overfull \hbox (96.99335pt too wide) in paragraph at lines 1811--1811
\T1/qtm/m/it/10 p\T1/txtt/m/n/10 )|  
 []

[19]
Overfull \hbox (143.31822pt too wide) in paragraph at lines 1823--1823
[]\T1/qtm/m/it/10 X\T1/qtm/m/n/10 , 
 []


Overfull \hbox (143.10323pt too wide) in paragraph at lines 1823--1823
\T1/qtm/m/it/10 Y\T1/qtm/m/n/10 , 
 []


Overfull \hbox (142.6582pt too wide) in paragraph at lines 1823--1823
\T1/qtm/m/it/10 R\T1/qtm/m/n/10 , 
 []


Overfull \hbox (155.89322pt too wide) in paragraph at lines 1823--1823
\T1/qtm/m/it/10 logE\T1/qtm/m/n/10 , 
 []


Overfull \hbox (182.78822pt too wide) in paragraph at lines 1823--1823
\T1/qtm/m/it/10 inv_gamma\T1/qtm/m/n/10 , 
 []


Overfull \hbox (157.32323pt too wide) in paragraph at lines 1823--1823
\T1/qtm/m/it/10 band- 
 []


Overfull \hbox (158.67819pt too wide) in paragraph at lines 1823--1823
\T1/qtm/m/it/10 width\T1/qtm/m/n/10 , 
 []


Overfull \hbox (144.0482pt too wide) in paragraph at lines 1823--1823
\T1/qtm/m/it/10 N\T1/qtm/m/n/10 , 
 []


Overfull \hbox (145.5032pt too wide) in paragraph at lines 1823--1823
\T1/qtm/m/it/10 M\T1/qtm/m/n/10 , 
 []


Overfull \hbox (143.7682pt too wide) in paragraph at lines 1823--1823
\T1/qtm/m/it/10 D\T1/qtm/m/n/10 , 
 []


Overfull \hbox (144.24321pt too wide) in paragraph at lines 1823--1823
\T1/qtm/m/it/10 p\T1/txtt/m/n/10 )|  
 []


Overfull \hbox (70.26842pt too wide) in paragraph at lines 1835--1835
[]\T1/qtm/m/it/10 D\T1/qtm/m/n/10 , 
 []


Overfull \hbox (69.15842pt too wide) in paragraph at lines 1835--1835
\T1/qtm/m/it/10 R\T1/qtm/m/n/10 , 
 []


Overfull \hbox (92.06844pt too wide) in paragraph at lines 1835--1835
\T1/qtm/m/it/10 gamma\T1/qtm/m/n/10 , 
 []


Overfull \hbox (83.82344pt too wide) in paragraph at lines 1835--1835
\T1/qtm/m/it/10 band- 
 []


Overfull \hbox (85.1784pt too wide) in paragraph at lines 1835--1835
\T1/qtm/m/it/10 width\T1/qtm/m/n/10 , 
 []


Overfull \hbox (70.54842pt too wide) in paragraph at lines 1835--1835
\T1/qtm/m/it/10 N\T1/qtm/m/n/10 , 
 []


Overfull \hbox (72.00342pt too wide) in paragraph at lines 1835--1835
\T1/qtm/m/it/10 M\T1/qtm/m/n/10 , 
 []


Overfull \hbox (70.74342pt too wide) in paragraph at lines 1835--1835
\T1/qtm/m/it/10 p\T1/txtt/m/n/10 )|  
 []


Overfull \hbox (117.0683pt too wide) in paragraph at lines 1847--1847
[]\T1/qtm/m/it/10 X\T1/qtm/m/n/10 , 
 []


Overfull \hbox (116.8533pt too wide) in paragraph at lines 1847--1847
\T1/qtm/m/it/10 Y\T1/qtm/m/n/10 , 
 []


Overfull \hbox (116.40828pt too wide) in paragraph at lines 1847--1847
\T1/qtm/m/it/10 R\T1/qtm/m/n/10 , 
 []


Overfull \hbox (139.3183pt too wide) in paragraph at lines 1847--1847
\T1/qtm/m/it/10 gamma\T1/qtm/m/n/10 , 
 []


Overfull \hbox (131.0733pt too wide) in paragraph at lines 1847--1847
\T1/qtm/m/it/10 band- 
 []


Overfull \hbox (132.42827pt too wide) in paragraph at lines 1847--1847
\T1/qtm/m/it/10 width\T1/qtm/m/n/10 , 
 []


Overfull \hbox (117.79828pt too wide) in paragraph at lines 1847--1847
\T1/qtm/m/it/10 N\T1/qtm/m/n/10 , 
 []


Overfull \hbox (119.25328pt too wide) in paragraph at lines 1847--1847
\T1/qtm/m/it/10 M\T1/qtm/m/n/10 , 
 []


Overfull \hbox (117.51828pt too wide) in paragraph at lines 1847--1847
\T1/qtm/m/it/10 D\T1/qtm/m/n/10 , 
 []


Overfull \hbox (117.99329pt too wide) in paragraph at lines 1847--1847
\T1/qtm/m/it/10 p\T1/txtt/m/n/10 )|  
 []


Overfull \hbox (54.51846pt too wide) in paragraph at lines 1859--1859
[]\T1/qtm/m/it/10 D\T1/qtm/m/n/10 , 
 []


Overfull \hbox (76.31848pt too wide) in paragraph at lines 1859--1859
\T1/qtm/m/it/10 gamma\T1/qtm/m/n/10 , 
 []


Overfull \hbox (68.07349pt too wide) in paragraph at lines 1859--1859
\T1/qtm/m/it/10 band- 
 []


Overfull \hbox (69.42845pt too wide) in paragraph at lines 1859--1859
\T1/qtm/m/it/10 width\T1/qtm/m/n/10 , 
 []


Overfull \hbox (71.93848pt too wide) in paragraph at lines 1859--1859
\T1/qtm/m/it/10 max_i\T1/qtm/m/n/10 , 
 []


Overfull \hbox (72.19348pt too wide) in paragraph at lines 1859--1859
\T1/qtm/m/it/10 max_j\T1/qtm/m/n/10 , 
 []


Overfull \hbox (83.40846pt too wide) in paragraph at lines 1859--1859
\T1/qtm/m/it/10 n_passes\T1/qtm/m/n/10 , 
 []


Overfull \hbox (56.15845pt too wide) in paragraph at lines 1859--1859
\T1/qtm/m/it/10 R\T1/txtt/m/n/10 )|  
 []

[20]
Overfull \hbox (50.0435pt too wide) in paragraph at lines 1876--1876
[]\T1/qtm/m/it/10 D: 
 []


Overfull \hbox (56.92351pt too wide) in paragraph at lines 1876--1876
\T1/qtm/m/it/10 Ten- 
 []


Overfull \hbox (55.2835pt too wide) in paragraph at lines 1876--1876
\T1/qtm/m/it/10 sor\T1/qtm/m/n/10 , 
 []


Overfull \hbox (48.9335pt too wide) in paragraph at lines 1876--1876
\T1/qtm/m/it/10 R: 
 []


Overfull \hbox (56.92351pt too wide) in paragraph at lines 1876--1876
\T1/qtm/m/it/10 Ten- 
 []


Overfull \hbox (55.2835pt too wide) in paragraph at lines 1876--1876
\T1/qtm/m/it/10 sor\T1/qtm/m/n/10 , 
 []


Overfull \hbox (71.86351pt too wide) in paragraph at lines 1876--1876
\T1/qtm/m/it/10 gamma: 
 []


Overfull \hbox (60.23349pt too wide) in paragraph at lines 1876--1876
\T1/qtm/m/it/10 float\T1/qtm/m/n/10 , 
 []


Overfull \hbox (62.8235pt too wide) in paragraph at lines 1876--1876
\T1/qtm/m/it/10 band- 
 []


Overfull \hbox (64.95349pt too wide) in paragraph at lines 1876--1876
\T1/qtm/m/it/10 width: 
 []


Overfull \hbox (62.98347pt too wide) in paragraph at lines 1876--1876
\T1/qtm/m/it/10 float\T1/txtt/m/n/10 )|  
 []


Overfull \hbox (132.94325pt too wide) in paragraph at lines 1888--1888
[]\T1/qtm/m/it/10 X: 
 []


Overfull \hbox (140.93326pt too wide) in paragraph at lines 1888--1888
\T1/qtm/m/it/10 Ten- 
 []


Overfull \hbox (139.29324pt too wide) in paragraph at lines 1888--1888
\T1/qtm/m/it/10 sor\T1/qtm/m/n/10 , 
 []


Overfull \hbox (131.59325pt too wide) in paragraph at lines 1888--1888
\T1/qtm/m/it/10 Y: 
 []


Overfull \hbox (140.93326pt too wide) in paragraph at lines 1888--1888
\T1/qtm/m/it/10 Ten- 
 []


Overfull \hbox (139.29324pt too wide) in paragraph at lines 1888--1888
\T1/qtm/m/it/10 sor\T1/qtm/m/n/10 , 
 []


Overfull \hbox (132.94325pt too wide) in paragraph at lines 1888--1888
\T1/qtm/m/it/10 R: 
 []


Overfull \hbox (140.93326pt too wide) in paragraph at lines 1888--1888
\T1/qtm/m/it/10 Ten- 
 []


Overfull \hbox (139.29324pt too wide) in paragraph at lines 1888--1888
\T1/qtm/m/it/10 sor\T1/qtm/m/n/10 , 
 []


Overfull \hbox (155.87326pt too wide) in paragraph at lines 1888--1888
\T1/qtm/m/it/10 gamma: 
 []


Overfull \hbox (144.24324pt too wide) in paragraph at lines 1888--1888
\T1/qtm/m/it/10 float\T1/qtm/m/n/10 , 
 []


Overfull \hbox (146.83325pt too wide) in paragraph at lines 1888--1888
\T1/qtm/m/it/10 band- 
 []


Overfull \hbox (148.96324pt too wide) in paragraph at lines 1888--1888
\T1/qtm/m/it/10 width: 
 []


Overfull \hbox (146.99323pt too wide) in paragraph at lines 1888--1888
\T1/qtm/m/it/10 float\T1/txtt/m/n/10 )|  
 []


Overfull \hbox (76.29343pt too wide) in paragraph at lines 1921--1921
[]\T1/qtm/m/it/10 D: 
 []


Overfull \hbox (83.17343pt too wide) in paragraph at lines 1921--1921
\T1/qtm/m/it/10 Ten- 
 []


Overfull \hbox (81.53342pt too wide) in paragraph at lines 1921--1921
\T1/qtm/m/it/10 sor\T1/qtm/m/n/10 , 
 []


Overfull \hbox (75.18343pt too wide) in paragraph at lines 1921--1921
\T1/qtm/m/it/10 R: 
 []


Overfull \hbox (83.17343pt too wide) in paragraph at lines 1921--1921
\T1/qtm/m/it/10 Ten- 
 []


Overfull \hbox (81.53342pt too wide) in paragraph at lines 1921--1921
\T1/qtm/m/it/10 sor\T1/qtm/m/n/10 , 
 []


Overfull \hbox (98.11343pt too wide) in paragraph at lines 1921--1921
\T1/qtm/m/it/10 gamma: 
 []


Overfull \hbox (86.48341pt too wide) in paragraph at lines 1921--1921
\T1/qtm/m/it/10 float\T1/qtm/m/n/10 , 
 []


Overfull \hbox (89.07343pt too wide) in paragraph at lines 1921--1921
\T1/qtm/m/it/10 band- 
 []


Overfull \hbox (91.20341pt too wide) in paragraph at lines 1921--1921
\T1/qtm/m/it/10 width: 
 []


Overfull \hbox (89.2334pt too wide) in paragraph at lines 1921--1921
\T1/qtm/m/it/10 float\T1/txtt/m/n/10 )|  
 []


Overfull \hbox (44.79352pt too wide) in paragraph at lines 1933--1933
[]\T1/qtm/m/it/10 D: 
 []


Overfull \hbox (51.67352pt too wide) in paragraph at lines 1933--1933
\T1/qtm/m/it/10 Ten- 
 []


Overfull \hbox (50.03351pt too wide) in paragraph at lines 1933--1933
\T1/qtm/m/it/10 sor\T1/qtm/m/n/10 , 
 []


Overfull \hbox (66.61353pt too wide) in paragraph at lines 1933--1933
\T1/qtm/m/it/10 gamma: 
 []


Overfull \hbox (54.9835pt too wide) in paragraph at lines 1933--1933
\T1/qtm/m/it/10 float\T1/qtm/m/n/10 , 
 []


Overfull \hbox (57.57352pt too wide) in paragraph at lines 1933--1933
\T1/qtm/m/it/10 band- 
 []


Overfull \hbox (59.7035pt too wide) in paragraph at lines 1933--1933
\T1/qtm/m/it/10 width: 
 []


Overfull \hbox (57.73349pt too wide) in paragraph at lines 1933--1933
\T1/qtm/m/it/10 float\T1/txtt/m/n/10 )|  
 []

[21]
Overfull \hbox (50.0435pt too wide) in paragraph at lines 1945--1945
[]\T1/qtm/m/it/10 D: 
 []


Overfull \hbox (56.92351pt too wide) in paragraph at lines 1945--1945
\T1/qtm/m/it/10 Ten- 
 []


Overfull \hbox (55.2835pt too wide) in paragraph at lines 1945--1945
\T1/qtm/m/it/10 sor\T1/qtm/m/n/10 , 
 []


Overfull \hbox (71.86351pt too wide) in paragraph at lines 1945--1945
\T1/qtm/m/it/10 gamma: 
 []


Overfull \hbox (60.23349pt too wide) in paragraph at lines 1945--1945
\T1/qtm/m/it/10 float\T1/qtm/m/n/10 , 
 []


Overfull \hbox (62.8235pt too wide) in paragraph at lines 1945--1945
\T1/qtm/m/it/10 band- 
 []


Overfull \hbox (64.95349pt too wide) in paragraph at lines 1945--1945
\T1/qtm/m/it/10 width: 
 []


Overfull \hbox (62.98347pt too wide) in paragraph at lines 1945--1945
\T1/qtm/m/it/10 float\T1/txtt/m/n/10 )|  
 []


Overfull \hbox (127.69327pt too wide) in paragraph at lines 1957--1957
[]\T1/qtm/m/it/10 X: 
 []


Overfull \hbox (135.68327pt too wide) in paragraph at lines 1957--1957
\T1/qtm/m/it/10 Ten- 
 []


Overfull \hbox (134.04326pt too wide) in paragraph at lines 1957--1957
\T1/qtm/m/it/10 sor\T1/qtm/m/n/10 , 
 []


Overfull \hbox (126.34326pt too wide) in paragraph at lines 1957--1957
\T1/qtm/m/it/10 Y: 
 []


Overfull \hbox (135.68327pt too wide) in paragraph at lines 1957--1957
\T1/qtm/m/it/10 Ten- 
 []


Overfull \hbox (134.04326pt too wide) in paragraph at lines 1957--1957
\T1/qtm/m/it/10 sor\T1/qtm/m/n/10 , 
 []


Overfull \hbox (150.62328pt too wide) in paragraph at lines 1957--1957
\T1/qtm/m/it/10 gamma: 
 []


Overfull \hbox (138.99326pt too wide) in paragraph at lines 1957--1957
\T1/qtm/m/it/10 float\T1/qtm/m/n/10 , 
 []


Overfull \hbox (141.58327pt too wide) in paragraph at lines 1957--1957
\T1/qtm/m/it/10 band- 
 []


Overfull \hbox (143.71326pt too wide) in paragraph at lines 1957--1957
\T1/qtm/m/it/10 width: 
 []


Overfull \hbox (141.74324pt too wide) in paragraph at lines 1957--1957
\T1/qtm/m/it/10 float\T1/txtt/m/n/10 )|  
 []


Overfull \hbox (43.63853pt too wide) in paragraph at lines 2009--2009
[]\T1/qtm/m/it/10 *args\T1/qtm/m/n/10 , 
 []


Overfull \hbox (62.24852pt too wide) in paragraph at lines 2009--2009
\T1/qtm/m/it/10 **kwargs\T1/txtt/m/n/10 )|  
 []

[22] [23]
Overfull \hbox (69.88846pt too wide) in paragraph at lines 2200--2200
[]\T1/qtm/m/it/10 *args\T1/qtm/m/n/10 , 
 []


Overfull \hbox (88.49844pt too wide) in paragraph at lines 2200--2200
\T1/qtm/m/it/10 **kwargs\T1/txtt/m/n/10 )|  
 []

[24]
Overfull \hbox (27.93356pt too wide) in paragraph at lines 2401--2401
[]\T1/qtm/m/it/10 X: 
 []


Overfull \hbox (35.92357pt too wide) in paragraph at lines 2401--2401
\T1/qtm/m/it/10 Ten- 
 []


Overfull \hbox (34.28355pt too wide) in paragraph at lines 2401--2401
\T1/qtm/m/it/10 sor\T1/qtm/m/n/10 , 
 []


Overfull \hbox (26.19354pt too wide) in paragraph at lines 2401--2401
\T1/qtm/m/scit/10 *\T1/qtm/m/n/10 , 
 []


Overfull \hbox (50.86357pt too wide) in paragraph at lines 2401--2401
\T1/qtm/m/it/10 gamma: 
 []


Overfull \hbox (36.27356pt too wide) in paragraph at lines 2401--2401
\T1/qtm/m/it/10 float 
 []


Overfull \hbox (25.24356pt too wide) in paragraph at lines 2401--2401
\T1/qtm/m/it/10 = 
 []


Overfull \hbox (33.74855pt too wide) in paragraph at lines 2401--2401
\T1/qtm/m/it/10 1.0\T1/qtm/m/n/10 , 
 []


Overfull \hbox (52.08354pt too wide) in paragraph at lines 2401--2401
\T1/qtm/m/it/10 weights: 
 []


Overfull \hbox (35.92357pt too wide) in paragraph at lines 2401--2401
\T1/qtm/m/it/10 Ten- 
 []


Overfull \hbox (31.27356pt too wide) in paragraph at lines 2401--2401
\T1/qtm/m/it/10 sor 
 []


Overfull \hbox (21.24355pt too wide) in paragraph at lines 2401--2401
\T1/qtm/m/it/10 | 
 []


Overfull \hbox (39.35356pt too wide) in paragraph at lines 2401--2401
\T1/qtm/m/it/10 None 
 []


Overfull \hbox (25.24356pt too wide) in paragraph at lines 2401--2401
\T1/qtm/m/it/10 = 
 []


Overfull \hbox (41.85356pt too wide) in paragraph at lines 2401--2401
\T1/qtm/m/it/10 None\T1/qtm/m/n/10 , 
 []


Overfull \hbox (56.92355pt too wide) in paragraph at lines 2401--2401
\T1/qtm/m/it/10 max_iter: 
 []


Overfull \hbox (29.05356pt too wide) in paragraph at lines 2401--2401
\T1/qtm/m/it/10 int 
 []


Overfull \hbox (25.24356pt too wide) in paragraph at lines 2401--2401
\T1/qtm/m/it/10 = 
 []


Overfull \hbox (36.24855pt too wide) in paragraph at lines 2401--2401
\T1/qtm/m/it/10 100\T1/qtm/m/n/10 , 
 []


Overfull \hbox (28.19354pt too wide) in paragraph at lines 2401--2401
\T1/qtm/m/it/10 lr: 
 []


Overfull \hbox (36.27356pt too wide) in paragraph at lines 2401--2401
\T1/qtm/m/it/10 float 
 []


Overfull \hbox (25.24356pt too wide) in paragraph at lines 2401--2401
\T1/qtm/m/it/10 = 
 []


Overfull \hbox (33.49356pt too wide) in paragraph at lines 2401--2401
\T1/qtm/m/it/10 0.1\T1/qtm/m/n/10 , 
 []


Overfull \hbox (34.86354pt too wide) in paragraph at lines 2401--2401
\T1/qtm/m/it/10 init: 
 []


Overfull \hbox (35.92357pt too wide) in paragraph at lines 2401--2401
\T1/qtm/m/it/10 Ten- 
 []


Overfull \hbox (31.27356pt too wide) in paragraph at lines 2401--2401
\T1/qtm/m/it/10 sor 
 []


Overfull \hbox (21.24355pt too wide) in paragraph at lines 2401--2401
\T1/qtm/m/it/10 | 
 []


Overfull \hbox (39.35356pt too wide) in paragraph at lines 2401--2401
\T1/qtm/m/it/10 None 
 []


Overfull \hbox (25.24356pt too wide) in paragraph at lines 2401--2401
\T1/qtm/m/it/10 = 
 []


Overfull \hbox (41.85356pt too wide) in paragraph at lines 2401--2401
\T1/qtm/m/it/10 None\T1/qtm/m/n/10 , 
 []


Overfull \hbox (31.26357pt too wide) in paragraph at lines 2401--2401
\T1/qtm/m/it/10 de- 
 []


Overfull \hbox (37.92357pt too wide) in paragraph at lines 2401--2401
\T1/qtm/m/it/10 vice: 
 []


Overfull \hbox (28.95355pt too wide) in paragraph at lines 2401--2401
\T1/qtm/m/it/10 str 
 []


Overfull \hbox (21.24355pt too wide) in paragraph at lines 2401--2401
\T1/qtm/m/it/10 | 
 []


Overfull \hbox (31.26357pt too wide) in paragraph at lines 2401--2401
\T1/qtm/m/it/10 de- 
 []


Overfull \hbox (34.59357pt too wide) in paragraph at lines 2401--2401
\T1/qtm/m/it/10 vice 
 []


Overfull \hbox (21.24355pt too wide) in paragraph at lines 2401--2401
\T1/qtm/m/it/10 | 
 []


Overfull \hbox (39.35356pt too wide) in paragraph at lines 2401--2401
\T1/qtm/m/it/10 None 
 []


Overfull \hbox (25.24356pt too wide) in paragraph at lines 2401--2401
\T1/qtm/m/it/10 = 
 []


Overfull \hbox (41.85356pt too wide) in paragraph at lines 2401--2401
\T1/qtm/m/it/10 None\T1/qtm/m/n/10 , 
 []


Overfull \hbox (33.79353pt too wide) in paragraph at lines 2401--2401
\T1/qtm/m/it/10 ver- 
 []


Overfull \hbox (40.15356pt too wide) in paragraph at lines 2401--2401
\T1/qtm/m/it/10 bose: 
 []


Overfull \hbox (36.27356pt too wide) in paragraph at lines 2401--2401
\T1/qtm/m/it/10 bool 
 []


Overfull \hbox (25.24356pt too wide) in paragraph at lines 2401--2401
\T1/qtm/m/it/10 = 
 []


Overfull \hbox (42.46356pt too wide) in paragraph at lines 2401--2401
\T1/qtm/m/it/10 False\T1/qtm/m/n/10 , 
 []


Overfull \hbox (42.93356pt too wide) in paragraph at lines 2401--2401
\T1/qtm/m/it/10 fused: 
 []


Overfull \hbox (36.27356pt too wide) in paragraph at lines 2401--2401
\T1/qtm/m/it/10 bool 
 []


Overfull \hbox (21.24355pt too wide) in paragraph at lines 2401--2401
\T1/qtm/m/it/10 | 
 []


Overfull \hbox (39.35356pt too wide) in paragraph at lines 2401--2401
\T1/qtm/m/it/10 None 
 []


Overfull \hbox (25.24356pt too wide) in paragraph at lines 2401--2401
\T1/qtm/m/it/10 = 
 []


Overfull \hbox (41.85356pt too wide) in paragraph at lines 2401--2401
\T1/qtm/m/it/10 None\T1/qtm/m/n/10 , 
 []


Overfull \hbox (81.42355pt too wide) in paragraph at lines 2401--2401
\T1/qtm/m/it/10 early_stopping: 
 []


Overfull \hbox (36.27356pt too wide) in paragraph at lines 2401--2401
\T1/qtm/m/it/10 bool 
 []


Overfull \hbox (25.24356pt too wide) in paragraph at lines 2401--2401
\T1/qtm/m/it/10 = 
 []


Overfull \hbox (39.13353pt too wide) in paragraph at lines 2401--2401
\T1/qtm/m/it/10 True\T1/qtm/m/n/10 , 
 []


Overfull \hbox (31.82356pt too wide) in paragraph at lines 2401--2401
\T1/qtm/m/it/10 pa- 
 []


Overfull \hbox (45.70357pt too wide) in paragraph at lines 2401--2401
\T1/qtm/m/it/10 tience: 
 []


Overfull \hbox (29.05356pt too wide) in paragraph at lines 2401--2401
\T1/qtm/m/it/10 int 
 []


Overfull \hbox (25.24356pt too wide) in paragraph at lines 2401--2401
\T1/qtm/m/it/10 = 
 []


Overfull \hbox (31.24855pt too wide) in paragraph at lines 2401--2401
\T1/qtm/m/it/10 10\T1/qtm/m/n/10 , 
 []


Overfull \hbox (32.28355pt too wide) in paragraph at lines 2401--2401
\T1/qtm/m/it/10 tol: 
 []


Overfull \hbox (36.27356pt too wide) in paragraph at lines 2401--2401
\T1/qtm/m/it/10 float 
 []


Overfull \hbox (25.24356pt too wide) in paragraph at lines 2401--2401
\T1/qtm/m/it/10 = 
 []


Overfull \hbox (31.26357pt too wide) in paragraph at lines 2401--2401
\T1/qtm/m/it/10 1e- 
 []


Overfull \hbox (33.93852pt too wide) in paragraph at lines 2401--2401
\T1/qtm/m/it/10 05\T1/txtt/m/n/10 ) 
 []


Overfull \hbox (28.49358pt too wide) in paragraph at lines 2401--2401
\OMS/cmsy/m/n/10 !$ 
 []


Overfull \hbox (45.41354pt too wide) in paragraph at lines 2401--2401
\T1/qtm/m/n/10 Tensor|  
 []

[25]
Overfull \vbox (143.17003pt too high) has occurred while \output is active []


[26]
Overfull \hbox (48.9335pt too wide) in paragraph at lines 2485--2485
[]\T1/qtm/m/it/10 X: 
 []


Overfull \hbox (56.92351pt too wide) in paragraph at lines 2485--2485
\T1/qtm/m/it/10 Ten- 
 []


Overfull \hbox (55.2835pt too wide) in paragraph at lines 2485--2485
\T1/qtm/m/it/10 sor\T1/qtm/m/n/10 , 
 []


Overfull \hbox (47.19348pt too wide) in paragraph at lines 2485--2485
\T1/qtm/m/scit/10 *\T1/qtm/m/n/10 , 
 []


Overfull \hbox (71.86351pt too wide) in paragraph at lines 2485--2485
\T1/qtm/m/it/10 gamma: 
 []


Overfull \hbox (57.2735pt too wide) in paragraph at lines 2485--2485
\T1/qtm/m/it/10 float 
 []


Overfull \hbox (46.2435pt too wide) in paragraph at lines 2485--2485
\T1/qtm/m/it/10 = 
 []


Overfull \hbox (54.74849pt too wide) in paragraph at lines 2485--2485
\T1/qtm/m/it/10 1.0\T1/qtm/m/n/10 , 
 []


Overfull \hbox (73.08348pt too wide) in paragraph at lines 2485--2485
\T1/qtm/m/it/10 weights: 
 []


Overfull \hbox (56.92351pt too wide) in paragraph at lines 2485--2485
\T1/qtm/m/it/10 Ten- 
 []


Overfull \hbox (52.2735pt too wide) in paragraph at lines 2485--2485
\T1/qtm/m/it/10 sor 
 []


Overfull \hbox (42.24348pt too wide) in paragraph at lines 2485--2485
\T1/qtm/m/it/10 | 
 []


Overfull \hbox (60.3535pt too wide) in paragraph at lines 2485--2485
\T1/qtm/m/it/10 None 
 []


Overfull \hbox (46.2435pt too wide) in paragraph at lines 2485--2485
\T1/qtm/m/it/10 = 
 []


Overfull \hbox (62.8535pt too wide) in paragraph at lines 2485--2485
\T1/qtm/m/it/10 None\T1/qtm/m/n/10 , 
 []


Overfull \hbox (77.9235pt too wide) in paragraph at lines 2485--2485
\T1/qtm/m/it/10 max_iter: 
 []


Overfull \hbox (50.0535pt too wide) in paragraph at lines 2485--2485
\T1/qtm/m/it/10 int 
 []


Overfull \hbox (46.2435pt too wide) in paragraph at lines 2485--2485
\T1/qtm/m/it/10 = 
 []


Overfull \hbox (57.24849pt too wide) in paragraph at lines 2485--2485
\T1/qtm/m/it/10 100\T1/qtm/m/n/10 , 
 []


Overfull \hbox (49.19348pt too wide) in paragraph at lines 2485--2485
\T1/qtm/m/it/10 lr: 
 []


Overfull \hbox (57.2735pt too wide) in paragraph at lines 2485--2485
\T1/qtm/m/it/10 float 
 []


Overfull \hbox (46.2435pt too wide) in paragraph at lines 2485--2485
\T1/qtm/m/it/10 = 
 []


Overfull \hbox (54.4935pt too wide) in paragraph at lines 2485--2485
\T1/qtm/m/it/10 0.1\T1/qtm/m/n/10 , 
 []


Overfull \hbox (55.86348pt too wide) in paragraph at lines 2485--2485
\T1/qtm/m/it/10 init: 
 []


Overfull \hbox (56.92351pt too wide) in paragraph at lines 2485--2485
\T1/qtm/m/it/10 Ten- 
 []


Overfull \hbox (52.2735pt too wide) in paragraph at lines 2485--2485
\T1/qtm/m/it/10 sor 
 []


Overfull \hbox (42.24348pt too wide) in paragraph at lines 2485--2485
\T1/qtm/m/it/10 | 
 []


Overfull \hbox (60.3535pt too wide) in paragraph at lines 2485--2485
\T1/qtm/m/it/10 None 
 []


Overfull \hbox (46.2435pt too wide) in paragraph at lines 2485--2485
\T1/qtm/m/it/10 = 
 []


Overfull \hbox (62.8535pt too wide) in paragraph at lines 2485--2485
\T1/qtm/m/it/10 None\T1/qtm/m/n/10 , 
 []


Overfull \hbox (54.79347pt too wide) in paragraph at lines 2485--2485
\T1/qtm/m/it/10 ver- 
 []


Overfull \hbox (61.1535pt too wide) in paragraph at lines 2485--2485
\T1/qtm/m/it/10 bose: 
 []


Overfull \hbox (57.2735pt too wide) in paragraph at lines 2485--2485
\T1/qtm/m/it/10 bool 
 []


Overfull \hbox (46.2435pt too wide) in paragraph at lines 2485--2485
\T1/qtm/m/it/10 = 
 []


Overfull \hbox (63.4635pt too wide) in paragraph at lines 2485--2485
\T1/qtm/m/it/10 False\T1/qtm/m/n/10 , 
 []


Overfull \hbox (63.9335pt too wide) in paragraph at lines 2485--2485
\T1/qtm/m/it/10 fused: 
 []


Overfull \hbox (57.2735pt too wide) in paragraph at lines 2485--2485
\T1/qtm/m/it/10 bool 
 []


Overfull \hbox (42.24348pt too wide) in paragraph at lines 2485--2485
\T1/qtm/m/it/10 | 
 []


Overfull \hbox (60.3535pt too wide) in paragraph at lines 2485--2485
\T1/qtm/m/it/10 None 
 []


Overfull \hbox (46.2435pt too wide) in paragraph at lines 2485--2485
\T1/qtm/m/it/10 = 
 []


Overfull \hbox (62.8535pt too wide) in paragraph at lines 2485--2485
\T1/qtm/m/it/10 None\T1/qtm/m/n/10 , 
 []


Overfull \hbox (102.4235pt too wide) in paragraph at lines 2485--2485
\T1/qtm/m/it/10 early_stopping: 
 []


Overfull \hbox (57.2735pt too wide) in paragraph at lines 2485--2485
\T1/qtm/m/it/10 bool 
 []


Overfull \hbox (46.2435pt too wide) in paragraph at lines 2485--2485
\T1/qtm/m/it/10 = 
 []


Overfull \hbox (60.13347pt too wide) in paragraph at lines 2485--2485
\T1/qtm/m/it/10 True\T1/qtm/m/n/10 , 
 []


Overfull \hbox (52.8235pt too wide) in paragraph at lines 2485--2485
\T1/qtm/m/it/10 pa- 
 []


Overfull \hbox (66.7035pt too wide) in paragraph at lines 2485--2485
\T1/qtm/m/it/10 tience: 
 []


Overfull \hbox (50.0535pt too wide) in paragraph at lines 2485--2485
\T1/qtm/m/it/10 int 
 []


Overfull \hbox (46.2435pt too wide) in paragraph at lines 2485--2485
\T1/qtm/m/it/10 = 
 []


Overfull \hbox (52.24849pt too wide) in paragraph at lines 2485--2485
\T1/qtm/m/it/10 10\T1/qtm/m/n/10 , 
 []


Overfull \hbox (53.2835pt too wide) in paragraph at lines 2485--2485
\T1/qtm/m/it/10 tol: 
 []


Overfull \hbox (57.2735pt too wide) in paragraph at lines 2485--2485
\T1/qtm/m/it/10 float 
 []


Overfull \hbox (46.2435pt too wide) in paragraph at lines 2485--2485
\T1/qtm/m/it/10 = 
 []


Overfull \hbox (52.2635pt too wide) in paragraph at lines 2485--2485
\T1/qtm/m/it/10 1e- 
 []


Overfull \hbox (54.93846pt too wide) in paragraph at lines 2485--2485
\T1/qtm/m/it/10 05\T1/txtt/m/n/10 ) 
 []


Overfull \hbox (49.49352pt too wide) in paragraph at lines 2485--2485
\OMS/cmsy/m/n/10 !$ 
 []


Overfull \hbox (66.41348pt too wide) in paragraph at lines 2485--2485
\T1/qtm/m/n/10 Tensor|  
 []

[27]
Overfull \vbox (23.17003pt too high) has occurred while \output is active []


[28]
Overfull \hbox (10.51361pt too wide) in paragraph at lines 2558--2558
[]\T1/qtm/m/it/10 x: 
 []


Overfull \hbox (20.17361pt too wide) in paragraph at lines 2558--2558
\T1/qtm/m/it/10 Ten- 
 []


Overfull \hbox (18.5336pt too wide) in paragraph at lines 2558--2558
\T1/qtm/m/it/10 sor\T1/qtm/m/n/10 , 
 []


Overfull \hbox (10.0136pt too wide) in paragraph at lines 2558--2558
\T1/qtm/m/it/10 y: 
 []


Overfull \hbox (20.17361pt too wide) in paragraph at lines 2558--2558
\T1/qtm/m/it/10 Ten- 
 []


Overfull \hbox (18.5336pt too wide) in paragraph at lines 2558--2558
\T1/qtm/m/it/10 sor\T1/qtm/m/n/10 , 
 []


Overfull \hbox (10.44359pt too wide) in paragraph at lines 2558--2558
\T1/qtm/m/scit/10 *\T1/qtm/m/n/10 , 
 []


Overfull \hbox (20.12358pt too wide) in paragraph at lines 2558--2558
\T1/qtm/m/it/10 dist: 
 []


Overfull \hbox (18.96358pt too wide) in paragraph at lines 2558--2558
\T1/qtm/m/it/10 str\T1/txtt/m/n/10 ) 
 []


Overfull \hbox (12.74362pt too wide) in paragraph at lines 2558--2558
\OMS/cmsy/m/n/10 !$ 
 []


Overfull \hbox (29.66359pt too wide) in paragraph at lines 2558--2558
\T1/qtm/m/n/10 Tensor|  
 []

[29]
Overfull \hbox (0.68369pt too wide) in paragraph at lines 2623--2623
\T1/qtm/m/it/10 clidean\TS1/qtm/m/it/10 '\T1/qtm/m/n/10 , 
 []

[30] [31] [32

]
Chapter 5.
[33] [34

]
Chapter 6.
[35] [36

] [37

] [38

]
Underfull \hbox (badness 10000) in paragraph at lines 2827--2828
[]\T1/txtt/m/n/10 dtw_loss_functions.soft_dtw_implementations\T1/qtm/m/n/10 ,
 []


Overfull \hbox (87.62158pt too wide) in paragraph at lines 2828--2829
[]\T1/txtt/m/n/10 dtw_loss_functions.soft_dtw_implementations.pysdtw_normalize\
T1/qtm/m/n/10 ,
 []


Overfull \hbox (92.87157pt too wide) in paragraph at lines 2829--2830
[]\T1/txtt/m/n/10 dtw_loss_functions.soft_dtw_implementations.soft_dtw_cuda_mag
\T1/qtm/m/n/10 ,
 []


Overfull \hbox (92.87157pt too wide) in paragraph at lines 2830--2831
[]\T1/txtt/m/n/10 dtw_loss_functions.soft_dtw_implementations.soft_dtw_cuda_ron
\T1/qtm/m/n/10 ,
 []


Overfull \hbox (140.12143pt too wide) in paragraph at lines 2831--2832
[]\T1/txtt/m/n/10 dtw_loss_functions.soft_dtw_implementations.soft_dtw_cuda_ron
.autograd\T1/qtm/m/n/10 ,
 []


Overfull \hbox (155.87138pt too wide) in paragraph at lines 2832--2833
[]\T1/txtt/m/n/10 dtw_loss_functions.soft_dtw_implementations.soft_dtw_cuda_ron
.autograd_xy\T1/qtm/m/n/10 ,
 []


Overfull \hbox (155.87138pt too wide) in paragraph at lines 2833--2834
[]\T1/txtt/m/n/10 dtw_loss_functions.soft_dtw_implementations.soft_dtw_cuda_ron
.barycenters\T1/qtm/m/n/10 ,
 []


Overfull \hbox (119.12149pt too wide) in paragraph at lines 2834--2835
[]\T1/txtt/m/n/10 dtw_loss_functions.soft_dtw_implementations.soft_dtw_cuda_ron
.cuda\T1/qtm/m/n/10 ,
 []


Overfull \hbox (161.12137pt too wide) in paragraph at lines 2835--2836
[]\T1/txtt/m/n/10 dtw_loss_functions.soft_dtw_implementations.soft_dtw_cuda_ron
.cuda.kernels\T1/qtm/m/n/10 ,
 []


Overfull \hbox (166.37135pt too wide) in paragraph at lines 2836--2837
[]\T1/txtt/m/n/10 dtw_loss_functions.soft_dtw_implementations.soft_dtw_cuda_ron
.cuda.launcher\T1/qtm/m/n/10 ,
 []


Overfull \hbox (145.37141pt too wide) in paragraph at lines 2837--2838
[]\T1/txtt/m/n/10 dtw_loss_functions.soft_dtw_implementations.soft_dtw_cuda_ron
.distances\T1/qtm/m/n/10 ,
 []


Overfull \hbox (150.6214pt too wide) in paragraph at lines 2838--2839
[]\T1/txtt/m/n/10 dtw_loss_functions.soft_dtw_implementations.soft_dtw_cuda_ron
.functional\T1/qtm/m/n/10 ,
 []


Overfull \hbox (129.62146pt too wide) in paragraph at lines 2839--2840
[]\T1/txtt/m/n/10 dtw_loss_functions.soft_dtw_implementations.soft_dtw_cuda_ron
.module\T1/qtm/m/n/10 ,
 []


Overfull \hbox (124.37148pt too wide) in paragraph at lines 2840--2841
[]\T1/txtt/m/n/10 dtw_loss_functions.soft_dtw_implementations.soft_dtw_cuda_ron
.utils\T1/qtm/m/n/10 ,
 []


Overfull \hbox (161.12137pt too wide) in paragraph at lines 2841--2842
[]\T1/txtt/m/n/10 dtw_loss_functions.soft_dtw_implementations.soft_dtw_cuda_ron
.utils.checks\T1/qtm/m/n/10 ,
 []

[39


] (./dtw_loss_functions.ind [40


]
Overfull \hbox (206.81226pt too wide) in paragraph at lines 8--10
[]\T1/txtt/m/n/10 backward() \T1/qtm/m/n/10 (\T1/qtm/m/it/10 dtw_loss_functions
.soft_dtw_implementations.soft_dtw_cuda_ron.autograd.SoftDTWAutograd
 []


Overfull \hbox (232.41226pt too wide) in paragraph at lines 10--12
[]\T1/txtt/m/n/10 backward() \T1/qtm/m/n/10 (\T1/qtm/m/it/10 dtw_loss_functions
.soft_dtw_implementations.soft_dtw_cuda_ron.autograd_xy.SoftDTWXYAutograd
 []


Overfull \hbox (129.84229pt too wide) in paragraph at lines 12--14
[]\T1/txtt/m/n/10 bandwidth \T1/qtm/m/n/10 (\T1/qtm/m/it/10 dtw_loss_functions.
soft_dtw_implementations.soft_dtw_cuda_mag.SoftDTW
 []


Underfull \hbox (badness 10000) in paragraph at lines 15--17
[]\T1/txtt/m/n/10 block_dtw_naive \T1/qtm/m/n/10 (\T1/qtm/m/it/10 class in
 []


Overfull \hbox (16.67221pt too wide) in paragraph at lines 17--19
[]\T1/txtt/m/n/10 block_dtw_naive \T1/qtm/m/n/10 (\T1/qtm/m/it/10 dtw_loss_func
tions.block_dtw.block_dtw
 []


Underfull \hbox (badness 10000) in paragraph at lines 19--21
[]\T1/txtt/m/n/10 block_dtw_optimized \T1/qtm/m/n/10 (\T1/qtm/m/it/10 class in
 []


Underfull \hbox (badness 10000) in paragraph at lines 21--23
[]\T1/txtt/m/n/10 block_dtw_optimized
 []


Underfull \hbox (badness 10000) in paragraph at lines 21--23
\T1/qtm/m/n/10 (\T1/qtm/m/it/10 dtw_loss_functions.block_dtw.block_dtw
 []


Underfull \hbox (badness 10000) in paragraph at lines 23--25
[]\T1/txtt/m/n/10 block_size \T1/qtm/m/n/10 (\T1/qtm/m/it/10 dtw_loss_functions
.block_dtw.block_dtw
 []


Underfull \hbox (badness 10000) in paragraph at lines 28--30
[]\T1/txtt/m/n/10 check_D() \T1/qtm/m/n/10 (\T1/qtm/m/it/10 in mod-ule
 []


Overfull \hbox (128.35739pt too wide) in paragraph at lines 28--30
\T1/qtm/m/it/10 dtw_loss_functions.soft_dtw_implementations.soft_dtw_cuda_ron.u
tils.checks\T1/qtm/m/n/10 ),
 []


Underfull \hbox (badness 10000) in paragraph at lines 30--32
[]\T1/txtt/m/n/10 check_implementation()
 []


Underfull \hbox (badness 10000) in paragraph at lines 30--32
\T1/qtm/m/n/10 (\T1/qtm/m/it/10 dtw_loss_functions.soft_dtw.soft_dtw
 []


Underfull \hbox (badness 10000) in paragraph at lines 32--34
[]\T1/txtt/m/n/10 compute_softdtw() \T1/qtm/m/n/10 (\T1/qtm/m/it/10 in mod-ule
 []


Overfull \hbox (83.60245pt too wide) in paragraph at lines 32--34
\T1/qtm/m/it/10 dtw_loss_functions.soft_dtw_implementations.soft_dtw_cuda_mag\T
1/qtm/m/n/10 ),
 []


Underfull \hbox (badness 10000) in paragraph at lines 34--36
[]\T1/txtt/m/n/10 compute_softdtw_backward() \T1/qtm/m/n/10 (\T1/qtm/m/it/10 in
 mod-ule
 []


Overfull \hbox (83.60245pt too wide) in paragraph at lines 34--36
\T1/qtm/m/it/10 dtw_loss_functions.soft_dtw_implementations.soft_dtw_cuda_mag\T
1/qtm/m/n/10 ),
 []


Underfull \hbox (badness 10000) in paragraph at lines 36--38
[]\T1/txtt/m/n/10 compute_softdtw_backward_cuda() \T1/qtm/m/n/10 (\T1/qtm/m/it/
10 in mod-ule
 []


Overfull \hbox (83.60245pt too wide) in paragraph at lines 36--38
\T1/qtm/m/it/10 dtw_loss_functions.soft_dtw_implementations.soft_dtw_cuda_mag\T
1/qtm/m/n/10 ),
 []


Underfull \hbox (badness 10000) in paragraph at lines 38--40
[]\T1/txtt/m/n/10 compute_softdtw_cuda() \T1/qtm/m/n/10 (\T1/qtm/m/it/10 in mod
-ule
 []


Overfull \hbox (83.60245pt too wide) in paragraph at lines 38--40
\T1/qtm/m/it/10 dtw_loss_functions.soft_dtw_implementations.soft_dtw_cuda_mag\T
1/qtm/m/n/10 ),
 []


Overfull \hbox (129.84229pt too wide) in paragraph at lines 43--45
[]\T1/txtt/m/n/10 dist_func \T1/qtm/m/n/10 (\T1/qtm/m/it/10 dtw_loss_functions.
soft_dtw_implementations.soft_dtw_cuda_mag.SoftDTW
 []


Overfull \hbox (85.12158pt too wide) in paragraph at lines 53--54
[]\T1/txtt/m/n/10 dtw_loss_functions.soft_dtw_implementations.pysdtw_normalize 

 []


Overfull \hbox (90.37157pt too wide) in paragraph at lines 55--56
[]\T1/txtt/m/n/10 dtw_loss_functions.soft_dtw_implementations.soft_dtw_cuda_mag
 
 []


Overfull \hbox (90.37157pt too wide) in paragraph at lines 57--58
[]\T1/txtt/m/n/10 dtw_loss_functions.soft_dtw_implementations.soft_dtw_cuda_ron
 
 []


Overfull \hbox (137.62143pt too wide) in paragraph at lines 59--60
[]\T1/txtt/m/n/10 dtw_loss_functions.soft_dtw_implementations.soft_dtw_cuda_ron
.autograd 
 []


Overfull \hbox (153.37138pt too wide) in paragraph at lines 61--62
[]\T1/txtt/m/n/10 dtw_loss_functions.soft_dtw_implementations.soft_dtw_cuda_ron
.autograd_xy 
 []


Overfull \hbox (153.37138pt too wide) in paragraph at lines 63--64
[]\T1/txtt/m/n/10 dtw_loss_functions.soft_dtw_implementations.soft_dtw_cuda_ron
.barycenters 
 []


Overfull \hbox (116.62149pt too wide) in paragraph at lines 65--66
[]\T1/txtt/m/n/10 dtw_loss_functions.soft_dtw_implementations.soft_dtw_cuda_ron
.cuda 
 []


Overfull \hbox (158.62137pt too wide) in paragraph at lines 67--68
[]\T1/txtt/m/n/10 dtw_loss_functions.soft_dtw_implementations.soft_dtw_cuda_ron
.cuda.kernels 
 []


Overfull \hbox (163.87135pt too wide) in paragraph at lines 69--70
[]\T1/txtt/m/n/10 dtw_loss_functions.soft_dtw_implementations.soft_dtw_cuda_ron
.cuda.launcher 
 []


Overfull \hbox (142.87141pt too wide) in paragraph at lines 71--72
[]\T1/txtt/m/n/10 dtw_loss_functions.soft_dtw_implementations.soft_dtw_cuda_ron
.distances 
 []


Overfull \hbox (148.1214pt too wide) in paragraph at lines 73--74
[]\T1/txtt/m/n/10 dtw_loss_functions.soft_dtw_implementations.soft_dtw_cuda_ron
.functional 
 []


Overfull \hbox (127.12146pt too wide) in paragraph at lines 75--76
[]\T1/txtt/m/n/10 dtw_loss_functions.soft_dtw_implementations.soft_dtw_cuda_ron
.module 
 []


Overfull \hbox (121.87148pt too wide) in paragraph at lines 77--78
[]\T1/txtt/m/n/10 dtw_loss_functions.soft_dtw_implementations.soft_dtw_cuda_ron
.utils 
 []


Overfull \hbox (158.62137pt too wide) in paragraph at lines 79--80
[]\T1/txtt/m/n/10 dtw_loss_functions.soft_dtw_implementations.soft_dtw_cuda_ron
.utils.checks 
 []


Underfull \hbox (badness 10000) in paragraph at lines 84--86
[]\T1/txtt/m/n/10 forward() \T1/qtm/m/n/10 (\T1/qtm/m/it/10 dtw_loss_functions.
block_dtw.block_dtw
 []


Overfull \hbox (11.53229pt too wide) in paragraph at lines 86--88
[]\T1/txtt/m/n/10 forward() \T1/qtm/m/n/10 (\T1/qtm/m/it/10 dtw_loss_functions.
block_dtw.block_dtw_naive
 []

[41

]
Overfull \hbox (28.91231pt too wide) in paragraph at lines 88--90
[]\T1/txtt/m/n/10 forward() \T1/qtm/m/n/10 (\T1/qtm/m/it/10 dtw_loss_functions.
block_dtw.block_dtw_optimized
 []


Underfull \hbox (badness 10000) in paragraph at lines 91--93
[]\T1/txtt/m/n/10 forward() \T1/qtm/m/n/10 (\T1/qtm/m/it/10 dtw_loss_functions.
soft_dtw.soft_dtw
 []


Overfull \hbox (162.22232pt too wide) in paragraph at lines 93--95
[]\T1/txtt/m/n/10 forward() \T1/qtm/m/n/10 (\T1/qtm/m/it/10 dtw_loss_functions.
soft_dtw_implementations.pysdtw_normalize.pysdtw_normalized
 []


Overfull \hbox (129.84229pt too wide) in paragraph at lines 95--97
[]\T1/txtt/m/n/10 forward() \T1/qtm/m/n/10 (\T1/qtm/m/it/10 dtw_loss_functions.
soft_dtw_implementations.soft_dtw_cuda_mag.SoftDTW
 []


Overfull \hbox (201.56227pt too wide) in paragraph at lines 97--99
[]\T1/txtt/m/n/10 forward() \T1/qtm/m/n/10 (\T1/qtm/m/it/10 dtw_loss_functions.
soft_dtw_implementations.soft_dtw_cuda_ron.autograd.SoftDTWAutograd
 []


Overfull \hbox (227.16228pt too wide) in paragraph at lines 99--101
[]\T1/txtt/m/n/10 forward() \T1/qtm/m/n/10 (\T1/qtm/m/it/10 dtw_loss_functions.
soft_dtw_implementations.soft_dtw_cuda_ron.autograd_xy.SoftDTWXYAutograd
 []


Overfull \hbox (158.20229pt too wide) in paragraph at lines 101--103
[]\T1/txtt/m/n/10 forward() \T1/qtm/m/n/10 (\T1/qtm/m/it/10 dtw_loss_functions.
soft_dtw_implementations.soft_dtw_cuda_ron.module.SoftDTW
 []


Overfull \hbox (126.26228pt too wide) in paragraph at lines 103--105
[]\T1/txtt/m/n/10 forward() \T1/qtm/m/n/10 (\T1/qtm/m/it/10 dtw_loss_functions.
soft_dtw_implementations.soft_dtw_cuda_ron.SoftDTW
 []


Overfull \hbox (108.84235pt too wide) in paragraph at lines 108--110
[]\T1/txtt/m/n/10 gamma \T1/qtm/m/n/10 (\T1/qtm/m/it/10 dtw_loss_functions.soft
_dtw_implementations.soft_dtw_cuda_mag.SoftDTW
 []


Overfull \hbox (18.37184pt too wide) in paragraph at lines 117--118
[]| \T1/txtt/m/n/10 dtw_loss_functions.soft_dtw_implementations\T1/qtm/m/n/10 ,

 []


Overfull \hbox (107.62158pt too wide) in paragraph at lines 118--120
[]| \T1/txtt/m/n/10 dtw_loss_functions.soft_dtw_implementations.pysdtw_normaliz
e\T1/qtm/m/n/10 ,
 []


Overfull \hbox (112.87157pt too wide) in paragraph at lines 120--122
[]| \T1/txtt/m/n/10 dtw_loss_functions.soft_dtw_implementations.soft_dtw_cuda_m
ag\T1/qtm/m/n/10 ,
 []


Overfull \hbox (112.87157pt too wide) in paragraph at lines 122--124
[]| \T1/txtt/m/n/10 dtw_loss_functions.soft_dtw_implementations.soft_dtw_cuda_r
on\T1/qtm/m/n/10 ,
 []


Overfull \hbox (160.12143pt too wide) in paragraph at lines 124--126
[]| \T1/txtt/m/n/10 dtw_loss_functions.soft_dtw_implementations.soft_dtw_cuda_r
on.autograd\T1/qtm/m/n/10 ,
 []


Overfull \hbox (175.87138pt too wide) in paragraph at lines 126--128
[]| \T1/txtt/m/n/10 dtw_loss_functions.soft_dtw_implementations.soft_dtw_cuda_r
on.autograd_xy\T1/qtm/m/n/10 ,
 []


Overfull \hbox (175.87138pt too wide) in paragraph at lines 128--130
[]| \T1/txtt/m/n/10 dtw_loss_functions.soft_dtw_implementations.soft_dtw_cuda_r
on.barycenters\T1/qtm/m/n/10 ,
 []


Overfull \hbox (139.12149pt too wide) in paragraph at lines 130--132
[]| \T1/txtt/m/n/10 dtw_loss_functions.soft_dtw_implementations.soft_dtw_cuda_r
on.cuda\T1/qtm/m/n/10 ,
 []


Overfull \hbox (181.12137pt too wide) in paragraph at lines 132--134
[]| \T1/txtt/m/n/10 dtw_loss_functions.soft_dtw_implementations.soft_dtw_cuda_r
on.cuda.kernels\T1/qtm/m/n/10 ,
 []


Overfull \hbox (186.37135pt too wide) in paragraph at lines 134--136
[]| \T1/txtt/m/n/10 dtw_loss_functions.soft_dtw_implementations.soft_dtw_cuda_r
on.cuda.launcher\T1/qtm/m/n/10 ,
 []


Overfull \hbox (165.37141pt too wide) in paragraph at lines 136--138
[]| \T1/txtt/m/n/10 dtw_loss_functions.soft_dtw_implementations.soft_dtw_cuda_r
on.distances\T1/qtm/m/n/10 ,
 []


Overfull \hbox (170.6214pt too wide) in paragraph at lines 138--140
[]| \T1/txtt/m/n/10 dtw_loss_functions.soft_dtw_implementations.soft_dtw_cuda_r
on.functional\T1/qtm/m/n/10 ,
 []


Overfull \hbox (149.62146pt too wide) in paragraph at lines 140--142
[]| \T1/txtt/m/n/10 dtw_loss_functions.soft_dtw_implementations.soft_dtw_cuda_r
on.module\T1/qtm/m/n/10 ,
 []


Overfull \hbox (144.37148pt too wide) in paragraph at lines 142--144
[]| \T1/txtt/m/n/10 dtw_loss_functions.soft_dtw_implementations.soft_dtw_cuda_r
on.utils\T1/qtm/m/n/10 ,
 []


Overfull \hbox (181.12137pt too wide) in paragraph at lines 144--146
[]| \T1/txtt/m/n/10 dtw_loss_functions.soft_dtw_implementations.soft_dtw_cuda_r
on.utils.checks\T1/qtm/m/n/10 ,
 []


Overfull \hbox (129.84229pt too wide) in paragraph at lines 149--151
[]\T1/txtt/m/n/10 normalize \T1/qtm/m/n/10 (\T1/qtm/m/it/10 dtw_loss_functions.
soft_dtw_implementations.soft_dtw_cuda_mag.SoftDTW
 []


Underfull \hbox (badness 10000) in paragraph at lines 159--161
[]\T1/txtt/m/n/10 pairwise_distance() \T1/qtm/m/n/10 (\T1/qtm/m/it/10 in mod-ul
e
 []


Overfull \hbox (119.69742pt too wide) in paragraph at lines 159--161
\T1/qtm/m/it/10 dtw_loss_functions.soft_dtw_implementations.soft_dtw_cuda_ron.d
istances\T1/qtm/m/n/10 ),
 []


Underfull \hbox (badness 10000) in paragraph at lines 161--163
[]\T1/txtt/m/n/10 profile() \T1/qtm/m/n/10 (\T1/qtm/m/it/10 in mod-ule
 []


Overfull \hbox (83.60245pt too wide) in paragraph at lines 161--163
\T1/qtm/m/it/10 dtw_loss_functions.soft_dtw_implementations.soft_dtw_cuda_mag\T
1/qtm/m/n/10 ),
 []


Underfull \hbox (badness 10000) in paragraph at lines 163--165
[]\T1/txtt/m/n/10 pysdtw_normalized \T1/qtm/m/n/10 (\T1/qtm/m/it/10 class in
 []


Overfull \hbox (75.57246pt too wide) in paragraph at lines 163--165
\T1/qtm/m/it/10 dtw_loss_functions.soft_dtw_implementations.pysdtw_normalize\T1
/qtm/m/n/10 ),
 []


Overfull \hbox (116.47151pt too wide) in paragraph at lines 170--172
[]\T1/txtt/m/n/10 SoftDTW \T1/qtm/m/n/10 (\T1/qtm/m/it/10 class in dtw_loss_fun
ctions.soft_dtw_implementations.soft_dtw_cuda_mag\T1/qtm/m/n/10 ),
 []


Overfull \hbox (112.89151pt too wide) in paragraph at lines 172--174
[]\T1/txtt/m/n/10 SoftDTW \T1/qtm/m/n/10 (\T1/qtm/m/it/10 class in dtw_loss_fun
ctions.soft_dtw_implementations.soft_dtw_cuda_ron\T1/qtm/m/n/10 ),
 []


Overfull \hbox (144.83151pt too wide) in paragraph at lines 174--176
[]\T1/txtt/m/n/10 SoftDTW \T1/qtm/m/n/10 (\T1/qtm/m/it/10 class in dtw_loss_fun
ctions.soft_dtw_implementations.soft_dtw_cuda_ron.module\T1/qtm/m/n/10 ),
 []


Underfull \hbox (badness 10000) in paragraph at lines 176--178
[]\T1/txtt/m/n/10 softdtw() \T1/qtm/m/n/10 (\T1/qtm/m/it/10 in mod-ule
 []


Overfull \hbox (80.02245pt too wide) in paragraph at lines 176--178
\T1/qtm/m/it/10 dtw_loss_functions.soft_dtw_implementations.soft_dtw_cuda_ron\T
1/qtm/m/n/10 ),
 []


Underfull \hbox (badness 10000) in paragraph at lines 178--180
[]\T1/txtt/m/n/10 softdtw() \T1/qtm/m/n/10 (\T1/qtm/m/it/10 in mod-ule
 []


Overfull \hbox (123.36742pt too wide) in paragraph at lines 178--180
\T1/qtm/m/it/10 dtw_loss_functions.soft_dtw_implementations.soft_dtw_cuda_ron.f
unctional\T1/qtm/m/n/10 ),
 []


Underfull \hbox (badness 10000) in paragraph at lines 180--182
[]\T1/txtt/m/n/10 softdtw_backward_cpu() \T1/qtm/m/n/10 (\T1/qtm/m/it/10 in mod
-ule
 []


Overfull \hbox (140.22243pt too wide) in paragraph at lines 180--182
\T1/qtm/m/it/10 dtw_loss_functions.soft_dtw_implementations.soft_dtw_cuda_ron.c
uda.launcher\T1/qtm/m/n/10 ),
 []


Underfull \hbox (badness 10000) in paragraph at lines 182--184
[]\T1/txtt/m/n/10 softdtw_backward_cuda_fused_sqeuclid() \T1/qtm/m/n/10 (\T1/qt
m/m/it/10 in
 []


Overfull \hbox (171.33243pt too wide) in paragraph at lines 182--184
\T1/qtm/m/it/10 mod-ule dtw_loss_functions.soft_dtw_implementations.soft_dtw_cu
da_ron.cuda.launcher\T1/qtm/m/n/10 ),
 []


Underfull \hbox (badness 10000) in paragraph at lines 184--186
[]\T1/txtt/m/n/10 softdtw_backward_cuda_log() \T1/qtm/m/n/10 (\T1/qtm/m/it/10 i
n mod-ule
 []


Overfull \hbox (140.22243pt too wide) in paragraph at lines 184--186
\T1/qtm/m/it/10 dtw_loss_functions.soft_dtw_implementations.soft_dtw_cuda_ron.c
uda.launcher\T1/qtm/m/n/10 ),
 []


Underfull \hbox (badness 10000) in paragraph at lines 186--188
[]\T1/txtt/m/n/10 softdtw_backward_kernel_legacy() \T1/qtm/m/n/10 (\T1/qtm/m/it
/10 in mod-ule
 []


Overfull \hbox (133.54742pt too wide) in paragraph at lines 186--188
\T1/qtm/m/it/10 dtw_loss_functions.soft_dtw_implementations.soft_dtw_cuda_ron.c
uda.kernels\T1/qtm/m/n/10 ),
 []


Underfull \hbox (badness 10000) in paragraph at lines 188--190
[]\T1/txtt/m/n/10 softdtw_backward_log_cuda() \T1/qtm/m/n/10 (\T1/qtm/m/it/10 i
n mod-ule
 []


Overfull \hbox (133.54742pt too wide) in paragraph at lines 188--190
\T1/qtm/m/it/10 dtw_loss_functions.soft_dtw_implementations.soft_dtw_cuda_ron.c
uda.kernels\T1/qtm/m/n/10 ),
 []

[42]
Underfull \hbox (badness 10000) in paragraph at lines 190--192
[]\T1/txtt/m/n/10 softdtw_backward_log_diag_cuda() \T1/qtm/m/n/10 (\T1/qtm/m/it
/10 in mod-ule
 []


Overfull \hbox (133.54742pt too wide) in paragraph at lines 190--192
\T1/qtm/m/it/10 dtw_loss_functions.soft_dtw_implementations.soft_dtw_cuda_ron.c
uda.kernels\T1/qtm/m/n/10 ),
 []


Overfull \hbox (164.65742pt too wide) in paragraph at lines 192--194
\T1/qtm/m/it/10 mod-ule dtw_loss_functions.soft_dtw_implementations.soft_dtw_cu
da_ron.cuda.kernels\T1/qtm/m/n/10 ),
 []


Underfull \hbox (badness 10000) in paragraph at lines 194--196
[]\T1/txtt/m/n/10 softdtw_barycenter() \T1/qtm/m/n/10 (\T1/qtm/m/it/10 in mod-u
le
 []


Overfull \hbox (80.02245pt too wide) in paragraph at lines 194--196
\T1/qtm/m/it/10 dtw_loss_functions.soft_dtw_implementations.soft_dtw_cuda_ron\T
1/qtm/m/n/10 ),
 []


Underfull \hbox (badness 10000) in paragraph at lines 196--198
[]\T1/txtt/m/n/10 softdtw_barycenter() \T1/qtm/m/n/10 (\T1/qtm/m/it/10 in mod-u
le
 []


Overfull \hbox (129.63745pt too wide) in paragraph at lines 196--198
\T1/qtm/m/it/10 dtw_loss_functions.soft_dtw_implementations.soft_dtw_cuda_ron.b
arycenters\T1/qtm/m/n/10 ),
 []


Underfull \hbox (badness 10000) in paragraph at lines 198--200
[]\T1/txtt/m/n/10 softdtw_barycenter_cpu() \T1/qtm/m/n/10 (\T1/qtm/m/it/10 in m
od-ule
 []


Overfull \hbox (80.02245pt too wide) in paragraph at lines 198--200
\T1/qtm/m/it/10 dtw_loss_functions.soft_dtw_implementations.soft_dtw_cuda_ron\T
1/qtm/m/n/10 ),
 []


Underfull \hbox (badness 10000) in paragraph at lines 200--202
[]\T1/txtt/m/n/10 softdtw_barycenter_cpu() \T1/qtm/m/n/10 (\T1/qtm/m/it/10 in m
od-ule
 []


Overfull \hbox (129.63745pt too wide) in paragraph at lines 200--202
\T1/qtm/m/it/10 dtw_loss_functions.soft_dtw_implementations.soft_dtw_cuda_ron.b
arycenters\T1/qtm/m/n/10 ),
 []


Underfull \hbox (badness 10000) in paragraph at lines 202--204
[]\T1/txtt/m/n/10 softdtw_forward_cpu() \T1/qtm/m/n/10 (\T1/qtm/m/it/10 in mod-
ule
 []


Overfull \hbox (140.22243pt too wide) in paragraph at lines 202--204
\T1/qtm/m/it/10 dtw_loss_functions.soft_dtw_implementations.soft_dtw_cuda_ron.c
uda.launcher\T1/qtm/m/n/10 ),
 []


Underfull \hbox (badness 10000) in paragraph at lines 204--206
[]\T1/txtt/m/n/10 softdtw_forward_cuda() \T1/qtm/m/n/10 (\T1/qtm/m/it/10 in mod
-ule
 []


Overfull \hbox (140.22243pt too wide) in paragraph at lines 204--206
\T1/qtm/m/it/10 dtw_loss_functions.soft_dtw_implementations.soft_dtw_cuda_ron.c
uda.launcher\T1/qtm/m/n/10 ),
 []


Overfull \hbox (154.11243pt too wide) in paragraph at lines 206--208
\T1/qtm/m/it/10 ule dtw_loss_functions.soft_dtw_implementations.soft_dtw_cuda_r
on.cuda.launcher\T1/qtm/m/n/10 ),
 []


Underfull \hbox (badness 10000) in paragraph at lines 208--210
[]\T1/txtt/m/n/10 softdtw_forward_diag_cuda() \T1/qtm/m/n/10 (\T1/qtm/m/it/10 i
n mod-ule
 []


Overfull \hbox (133.54742pt too wide) in paragraph at lines 208--210
\T1/qtm/m/it/10 dtw_loss_functions.soft_dtw_implementations.soft_dtw_cuda_ron.c
uda.kernels\T1/qtm/m/n/10 ),
 []


Overfull \hbox (147.43742pt too wide) in paragraph at lines 210--212
\T1/qtm/m/it/10 ule dtw_loss_functions.soft_dtw_implementations.soft_dtw_cuda_r
on.cuda.kernels\T1/qtm/m/n/10 ),
 []


Underfull \hbox (badness 10000) in paragraph at lines 212--214
[]\T1/txtt/m/n/10 softdtw_forward_kernel() \T1/qtm/m/n/10 (\T1/qtm/m/it/10 in m
od-ule
 []


Overfull \hbox (133.54742pt too wide) in paragraph at lines 212--214
\T1/qtm/m/it/10 dtw_loss_functions.soft_dtw_implementations.soft_dtw_cuda_ron.c
uda.kernels\T1/qtm/m/n/10 ),
 []


Underfull \hbox (badness 10000) in paragraph at lines 214--216
[]\T1/txtt/m/n/10 SoftDTWAutograd \T1/qtm/m/n/10 (\T1/qtm/m/it/10 class in
 []


Overfull \hbox (119.19742pt too wide) in paragraph at lines 214--216
\T1/qtm/m/it/10 dtw_loss_functions.soft_dtw_implementations.soft_dtw_cuda_ron.a
utograd\T1/qtm/m/n/10 ),
 []


Underfull \hbox (badness 10000) in paragraph at lines 216--218
[]\T1/txtt/m/n/10 SoftDTWXYAutograd \T1/qtm/m/n/10 (\T1/qtm/m/it/10 class in
 []


Overfull \hbox (132.62744pt too wide) in paragraph at lines 216--218
\T1/qtm/m/it/10 dtw_loss_functions.soft_dtw_implementations.soft_dtw_cuda_ron.a
utograd_xy\T1/qtm/m/n/10 ),
 []


Underfull \hbox (badness 10000) in paragraph at lines 218--220
[]\T1/txtt/m/n/10 sqeuclidean() \T1/qtm/m/n/10 (\T1/qtm/m/it/10 in mod-ule
 []


Overfull \hbox (119.69742pt too wide) in paragraph at lines 218--220
\T1/qtm/m/it/10 dtw_loss_functions.soft_dtw_implementations.soft_dtw_cuda_ron.d
istances\T1/qtm/m/n/10 ),
 []


Underfull \hbox (badness 10000) in paragraph at lines 223--225
[]\T1/txtt/m/n/10 timed_run() \T1/qtm/m/n/10 (\T1/qtm/m/it/10 in mod-ule
 []


Overfull \hbox (83.60245pt too wide) in paragraph at lines 223--225
\T1/qtm/m/it/10 dtw_loss_functions.soft_dtw_implementations.soft_dtw_cuda_mag\T
1/qtm/m/n/10 ),
 []

[43]) (./dtw_loss_functions.aux)
 ***********
LaTeX2e <2025-11-01>
L3 programming layer <2026-01-19>
 ***********
Package rerunfilecheck Info: File `dtw_loss_functions.out' has not changed.
(rerunfilecheck)             Checksum: 8EB8D0A2584B01B0DE5D583F430F19CB;7998.
 ) 
Here is how much of TeX's memory you used:
 21546 strings out of 467525
 405003 string characters out of 5418983
 802611 words of memory out of 5000000
 49888 multiletter control sequences out of 15000+600000
 686007 words of font info for 86 fonts, out of 8000000 for 9000
 1142 hyphenation exceptions out of 8191
 72i,12n,82p,2188b,856s stack positions out of 10000i,1000n,20000p,200000b,200000s
</usr/local/texlive/2026/texmf-dist/fonts/type1/public/fontawesome7/FontAweso
me7Free-Solid.pfb></usr/local/texlive/2026/texmf-dist/fonts/type1/public/amsfon
ts/cm/cmsy10.pfb></usr/local/texlive/2026/texmf-dist/fonts/type1/public/tex-gyr
e/qhvb.pfb></usr/local/texlive/2026/texmf-dist/fonts/type1/public/tex-gyre/qhvr
.pfb></usr/local/texlive/2026/texmf-dist/fonts/type1/public/tex-gyre/qtmb.pfb><
/usr/local/texlive/2026/texmf-dist/fonts/type1/public/tex-gyre/qtmr.pfb></usr/l
ocal/texlive/2026/texmf-dist/fonts/type1/public/tex-gyre/qtmri.pfb></usr/local/
texlive/2026/texmf-dist/fonts/type1/public/txfonts/t1xbtt.pfb></usr/local/texli
ve/2026/texmf-dist/fonts/type1/public/txfonts/t1xtt.pfb></usr/local/texlive/202
6/texmf-dist/fonts/type1/public/txfonts/t1xtt.pfb></usr/local/texlive/2026/texm
f-dist/fonts/type1/public/txfonts/tcxtt.pfb>
Output written on dtw_loss_functions.pdf (47 pages, 249510 bytes).
PDF statistics:
 721 PDF objects out of 1000 (max. 8388607)
 645 compressed objects within 7 object streams
 163 named destinations out of 1000 (max. 500000)
 301 words of extra memory for PDF output out of 10000 (max. 10000000)

