\BOOKMARK [0][-]{chapter.1}{\376\377\000B\000l\000o\000c\000k\000\040\000D\000T\000W}{}% 1
\BOOKMARK [1][-]{section.1.1}{\376\377\000A\000u\000t\000h\000o\000r\000s}{chapter.1}% 2
\BOOKMARK [0][-]{chapter.2}{\376\377\000O\000T\000W}{}% 3
\BOOKMARK [1][-]{section.2.1}{\376\377\000A\000u\000t\000h\000o\000r\000s}{chapter.2}% 4
\BOOKMARK [0][-]{chapter.3}{\376\377\000S\000o\000f\000t\000\040\000D\000T\000W}{}% 5
\BOOKMARK [1][-]{section.3.1}{\376\377\000A\000u\000t\000h\000o\000r\000s}{chapter.3}% 6
\BOOKMARK [0][-]{chapter.4}{\376\377\000S\000o\000f\000t\000D\000T\000W\000\040\000S\000u\000b\000p\000a\000c\000k\000a\000g\000e}{}% 7
\BOOKMARK [1][-]{section.4.1}{\376\377\000A\000u\000t\000h\000o\000r\000s}{chapter.4}% 8
\BOOKMARK [1][-]{section.4.2}{\376\377\000S\000o\000f\000t\000D\000T\000W\000\040\000\050\000M\000e\000h\000r\000a\000n\000\040\000M\000a\000g\000h\000o\000u\000m\000i\000\051}{chapter.4}% 9
\BOOKMARK [2][-]{subsection.4.2.1}{\376\377\000A\000u\000t\000h\000o\000r\000s}{section.4.2}% 10
\BOOKMARK [1][-]{section.4.3}{\376\377\000p\000y\000s\000d\000t\000w}{chapter.4}% 11
\BOOKMARK [2][-]{subsection.4.3.1}{\376\377\000A\000u\000t\000h\000o\000r\000s}{section.4.3}% 12
\BOOKMARK [1][-]{section.4.4}{\376\377\000S\000o\000f\000t\000D\000T\000W\000\040\000\050\000R\000o\000n\000\040\000S\000h\000a\000p\000i\000r\000a\000\040\000W\000e\000b\000e\000r\000\051}{chapter.4}% 13
\BOOKMARK [2][-]{subsection.4.4.1}{\376\377\000S\000u\000b\000p\000a\000c\000k\000a\000g\000e\000s}{section.4.4}% 14
\BOOKMARK [3][-]{subsubsection*.39}{\376\377\000d\000t\000w\000\137\000l\000o\000s\000s\000\137\000f\000u\000n\000c\000t\000i\000o\000n\000s\000.\000s\000o\000f\000t\000\137\000d\000t\000w\000\137\000i\000m\000p\000l\000e\000m\000e\000n\000t\000a\000t\000i\000o\000n\000s\000.\000s\000o\000f\000t\000\137\000d\000t\000w\000\137\000c\000u\000d\000a\000\137\000r\000o\000n\000.\000c\000u\000d\000a\000\040\000p\000a\000c\000k\000a\000g\000e}{subsection.4.4.1}% 15
\BOOKMARK [4][-]{paragraph*.40}{\376\377\000S\000u\000b\000m\000o\000d\000u\000l\000e\000s}{subsubsection*.39}% 16
\BOOKMARK [5][-]{subparagraph*.41}{\376\377\000d\000t\000w\000\137\000l\000o\000s\000s\000\137\000f\000u\000n\000c\000t\000i\000o\000n\000s\000.\000s\000o\000f\000t\000\137\000d\000t\000w\000\137\000i\000m\000p\000l\000e\000m\000e\000n\000t\000a\000t\000i\000o\000n\000s\000.\000s\000o\000f\000t\000\137\000d\000t\000w\000\137\000c\000u\000d\000a\000\137\000r\000o\000n\000.\000c\000u\000d\000a\000.\000k\000e\000r\000n\000e\000l\000s\000\040\000m\000o\000d\000u\000l\000e}{paragraph*.40}% 17
\BOOKMARK [5][-]{subparagraph*.49}{\376\377\000d\000t\000w\000\137\000l\000o\000s\000s\000\137\000f\000u\000n\000c\000t\000i\000o\000n\000s\000.\000s\000o\000f\000t\000\137\000d\000t\000w\000\137\000i\000m\000p\000l\000e\000m\000e\000n\000t\000a\000t\000i\000o\000n\000s\000.\000s\000o\000f\000t\000\137\000d\000t\000w\000\137\000c\000u\000d\000a\000\137\000r\000o\000n\000.\000c\000u\000d\000a\000.\000l\000a\000u\000n\000c\000h\000e\000r\000\040\000m\000o\000d\000u\000l\000e}{paragraph*.40}% 18
\BOOKMARK [3][-]{subsubsection*.56}{\376\377\000d\000t\000w\000\137\000l\000o\000s\000s\000\137\000f\000u\000n\000c\000t\000i\000o\000n\000s\000.\000s\000o\000f\000t\000\137\000d\000t\000w\000\137\000i\000m\000p\000l\000e\000m\000e\000n\000t\000a\000t\000i\000o\000n\000s\000.\000s\000o\000f\000t\000\137\000d\000t\000w\000\137\000c\000u\000d\000a\000\137\000r\000o\000n\000.\000u\000t\000i\000l\000s\000\040\000p\000a\000c\000k\000a\000g\000e}{subsection.4.4.1}% 19
\BOOKMARK [4][-]{paragraph*.57}{\376\377\000S\000u\000b\000m\000o\000d\000u\000l\000e\000s}{subsubsection*.56}% 20
\BOOKMARK [5][-]{subparagraph*.58}{\376\377\000d\000t\000w\000\137\000l\000o\000s\000s\000\137\000f\000u\000n\000c\000t\000i\000o\000n\000s\000.\000s\000o\000f\000t\000\137\000d\000t\000w\000\137\000i\000m\000p\000l\000e\000m\000e\000n\000t\000a\000t\000i\000o\000n\000s\000.\000s\000o\000f\000t\000\137\000d\000t\000w\000\137\000c\000u\000d\000a\000\137\000r\000o\000n\000.\000u\000t\000i\000l\000s\000.\000c\000h\000e\000c\000k\000s\000\040\000m\000o\000d\000u\000l\000e}{paragraph*.57}% 21
\BOOKMARK [2][-]{subsection.4.4.2}{\376\377\000S\000u\000b\000m\000o\000d\000u\000l\000e\000s}{section.4.4}% 22
\BOOKMARK [3][-]{subsubsection*.60}{\376\377\000d\000t\000w\000\137\000l\000o\000s\000s\000\137\000f\000u\000n\000c\000t\000i\000o\000n\000s\000.\000s\000o\000f\000t\000\137\000d\000t\000w\000\137\000i\000m\000p\000l\000e\000m\000e\000n\000t\000a\000t\000i\000o\000n\000s\000.\000s\000o\000f\000t\000\137\000d\000t\000w\000\137\000c\000u\000d\000a\000\137\000r\000o\000n\000.\000a\000u\000t\000o\000g\000r\000a\000d\000\040\000m\000o\000d\000u\000l\000e}{subsection.4.4.2}% 23
\BOOKMARK [3][-]{subsubsection*.64}{\376\377\000d\000t\000w\000\137\000l\000o\000s\000s\000\137\000f\000u\000n\000c\000t\000i\000o\000n\000s\000.\000s\000o\000f\000t\000\137\000d\000t\000w\000\137\000i\000m\000p\000l\000e\000m\000e\000n\000t\000a\000t\000i\000o\000n\000s\000.\000s\000o\000f\000t\000\137\000d\000t\000w\000\137\000c\000u\000d\000a\000\137\000r\000o\000n\000.\000a\000u\000t\000o\000g\000r\000a\000d\000\137\000x\000y\000\040\000m\000o\000d\000u\000l\000e}{subsection.4.4.2}% 24
\BOOKMARK [3][-]{subsubsection*.68}{\376\377\000d\000t\000w\000\137\000l\000o\000s\000s\000\137\000f\000u\000n\000c\000t\000i\000o\000n\000s\000.\000s\000o\000f\000t\000\137\000d\000t\000w\000\137\000i\000m\000p\000l\000e\000m\000e\000n\000t\000a\000t\000i\000o\000n\000s\000.\000s\000o\000f\000t\000\137\000d\000t\000w\000\137\000c\000u\000d\000a\000\137\000r\000o\000n\000.\000b\000a\000r\000y\000c\000e\000n\000t\000e\000r\000s\000\040\000m\000o\000d\000u\000l\000e}{subsection.4.4.2}% 25
\BOOKMARK [3][-]{subsubsection*.71}{\376\377\000d\000t\000w\000\137\000l\000o\000s\000s\000\137\000f\000u\000n\000c\000t\000i\000o\000n\000s\000.\000s\000o\000f\000t\000\137\000d\000t\000w\000\137\000i\000m\000p\000l\000e\000m\000e\000n\000t\000a\000t\000i\000o\000n\000s\000.\000s\000o\000f\000t\000\137\000d\000t\000w\000\137\000c\000u\000d\000a\000\137\000r\000o\000n\000.\000d\000i\000s\000t\000a\000n\000c\000e\000s\000\040\000m\000o\000d\000u\000l\000e}{subsection.4.4.2}% 26
\BOOKMARK [3][-]{subsubsection*.74}{\376\377\000d\000t\000w\000\137\000l\000o\000s\000s\000\137\000f\000u\000n\000c\000t\000i\000o\000n\000s\000.\000s\000o\000f\000t\000\137\000d\000t\000w\000\137\000i\000m\000p\000l\000e\000m\000e\000n\000t\000a\000t\000i\000o\000n\000s\000.\000s\000o\000f\000t\000\137\000d\000t\000w\000\137\000c\000u\000d\000a\000\137\000r\000o\000n\000.\000f\000u\000n\000c\000t\000i\000o\000n\000a\000l\000\040\000m\000o\000d\000u\000l\000e}{subsection.4.4.2}% 27
\BOOKMARK [3][-]{subsubsection*.76}{\376\377\000d\000t\000w\000\137\000l\000o\000s\000s\000\137\000f\000u\000n\000c\000t\000i\000o\000n\000s\000.\000s\000o\000f\000t\000\137\000d\000t\000w\000\137\000i\000m\000p\000l\000e\000m\000e\000n\000t\000a\000t\000i\000o\000n\000s\000.\000s\000o\000f\000t\000\137\000d\000t\000w\000\137\000c\000u\000d\000a\000\137\000r\000o\000n\000.\000m\000o\000d\000u\000l\000e\000\040\000m\000o\000d\000u\000l\000e}{subsection.4.4.2}% 28
\BOOKMARK [0][-]{chapter.5}{\376\377\000B\000i\000b\000l\000i\000o\000g\000r\000a\000p\000h\000y}{}% 29
\BOOKMARK [1][-]{section.5.1}{\376\377\000F\000i\000r\000s\000t\000\040\000S\000e\000c\000t\000i\000o\000n}{chapter.5}% 30
\BOOKMARK [1][-]{section.5.2}{\376\377\000R\000e\000f\000e\000r\000e\000n\000c\000e\000s\000\040\000l\000i\000s\000t}{chapter.5}% 31
\BOOKMARK [0][-]{chapter.6}{\376\377\000I\000n\000d\000i\000c\000e\000s\000\040\000a\000n\000d\000\040\000T\000a\000b\000l\000e\000s}{}% 32
\BOOKMARK [0][-]{chapter*.79}{\376\377\000B\000i\000b\000l\000i\000o\000g\000r\000a\000p\000h\000y}{}% 33
\BOOKMARK [0][-]{section*.80}{\376\377\000P\000y\000t\000h\000o\000n\000\040\000M\000o\000d\000u\000l\000e\000\040\000I\000n\000d\000e\000x}{}% 34
\BOOKMARK [0][-]{section*.81}{\376\377\000I\000n\000d\000e\000x}{}% 35
